2025-05-08 00:35:18,758 [ERROR] LogOutputStream:75 - [STDERR_REDIRECT] 0:35:18.746 ERROR Chromium process exit code: -2,147,483,645
2025-05-08 00:35:18,781 [ERROR] LogOutputStream:75 - [STDERR_REDIRECT] 
2025-05-08 00:35:18,792 [ERROR] LogOutputStream:75 - [STDERR_REDIRECT] 0:35:18.788 ERROR Crash dump dir: C:\Users\User\AppData\Local\JxBrowser\7.39.2\CrashReports
2025-05-08 00:35:18,792 [ERROR] LogOutputStream:75 - [STDERR_REDIRECT] 
2025-05-08 00:35:18,801 [ERROR] WebApp:398 - JxBrowser engine crashed! Exit code: -2147483645
2025-05-08 20:15:35,563 [INFO] Activator:176 - 


2025-05-08 20:15:35,567 [INFO] Activator:177 - !SESSION log4j initialized
2025-05-08 20:15:44,428 [INFO] LogOutputStream:77 - [STDOUT_REDIRECT] 
2025-05-08 20:15:51,307 [INFO] ApplicationProperties:184 - Using Application install path: C:\ST\STM32CubeIDE_1.17.0\STM32CubeIDE\plugins\com.st.stm32cube.common.mx_6.13.0.202411220809
2025-05-08 20:15:51,337 [INFO] DbMcusXml:78 - Set database path to: C:\ST\STM32CubeIDE_1.17.0\STM32CubeIDE\plugins\com.st.stm32cube.common.mx_6.13.0.202411220809\\db\/mcu/
2025-05-08 20:15:51,338 [INFO] ApiDb:274 - Set plugin database path to: C:\ST\STM32CubeIDE_1.17.0\STM32CubeIDE\plugins\com.st.stm32cube.common.mx_6.13.0.202411220809\\db\/plugins/boardmanager/
2025-05-08 20:15:51,339 [WARN] ApiDb:259 - Overriding images path with different value:  => C:\ST\STM32CubeIDE_1.17.0\STM32CubeIDE\plugins\com.st.stm32cube.common.mx_6.13.0.202411220809\\db\/plugins/mcufinder/images/
2025-05-08 20:15:51,355 [INFO] ApiDb:250 - Set database path to: C:\Users\User\.stmcufinder\plugins\mcufinder//mcu/
2025-05-08 20:15:51,357 [INFO] DbMcusAds:125 - Set database path to: C:\Users\User\.stmcufinder\plugins\mcufinder//mcu/
2025-05-08 20:15:51,362 [INFO] CrossReferenceDbSqlite:203 - Set database path to: C:\Users\User\.stmcufinder\plugins\mcufinder//mcu/cs/
2025-05-08 20:15:51,678 [INFO] RulesReader:64 - Compatibility file has been processed (297 Rules)
2025-05-08 20:15:51,822 [INFO] DbMcusXml:78 - Set database path to: C:\ST\STM32CubeIDE_1.17.0\STM32CubeIDE\plugins\com.st.stm32cube.common.mx_6.13.0.202411220809\\db\/mcu/
2025-05-08 20:15:51,822 [INFO] ApiDb:274 - Set plugin database path to: C:\ST\STM32CubeIDE_1.17.0\STM32CubeIDE\plugins\com.st.stm32cube.common.mx_6.13.0.202411220809\\db\/plugins/boardmanager/
2025-05-08 20:15:51,823 [INFO] ApiDb:261 - Set plugin images path to: C:\ST\STM32CubeIDE_1.17.0\STM32CubeIDE\plugins\com.st.stm32cube.common.mx_6.13.0.202411220809\\db\/plugins/mcufinder/images/
2025-05-08 20:15:51,823 [WARN] DbFile:41 - Overriding database path with different value: C:\Users\User\.stmcufinder\plugins\mcufinder/ => C:\Users\User\.stmcufinder\plugins\mcufinder
2025-05-08 20:15:51,824 [INFO] ApiDb:250 - Set database path to: C:\Users\User\.stmcufinder\plugins\mcufinder//mcu/
2025-05-08 20:15:51,824 [WARN] DbFile:41 - Overriding database path with different value: C:\Users\User\.stmcufinder\plugins\mcufinder/ => C:\Users\User\.stmcufinder\plugins\mcufinder
2025-05-08 20:15:51,824 [INFO] DbMcusAds:125 - Set database path to: C:\Users\User\.stmcufinder\plugins\mcufinder//mcu/
2025-05-08 20:15:51,824 [WARN] DbFile:41 - Overriding database path with different value: C:\Users\User\.stmcufinder\plugins\mcufinder/ => C:\Users\User\.stmcufinder\plugins\mcufinder
2025-05-08 20:15:51,825 [WARN] DbFile:41 - Overriding database path with different value: C:\Users\User\.stmcufinder\plugins\mcufinder/ => C:\Users\User\.stmcufinder\plugins\mcufinder
2025-05-08 20:15:51,825 [INFO] CrossReferenceDbSqlite:203 - Set database path to: C:\Users\User\.stmcufinder\plugins\mcufinder//mcu/cs/
2025-05-08 20:15:51,991 [INFO] MainPanel:272 - HeapMemory: 268435456
2025-05-08 20:15:52,212 [INFO] DbMcusXml:78 - Set database path to: C:\ST\STM32CubeIDE_1.17.0\STM32CubeIDE\plugins\com.st.stm32cube.common.mx_6.13.0.202411220809\\db\/mcu/
2025-05-08 20:15:52,212 [INFO] ApiDb:274 - Set plugin database path to: C:\ST\STM32CubeIDE_1.17.0\STM32CubeIDE\plugins\com.st.stm32cube.common.mx_6.13.0.202411220809\\db\/plugins/boardmanager/
2025-05-08 20:15:52,213 [INFO] ApiDb:261 - Set plugin images path to: C:\ST\STM32CubeIDE_1.17.0\STM32CubeIDE\plugins\com.st.stm32cube.common.mx_6.13.0.202411220809\\db\/plugins/mcufinder/images/
2025-05-08 20:15:52,213 [WARN] DbFile:41 - Overriding database path with different value: C:\Users\User\.stmcufinder\plugins\mcufinder/ => C:\Users\User\.stmcufinder\plugins\mcufinder
2025-05-08 20:15:52,213 [INFO] ApiDb:250 - Set database path to: C:\Users\User\.stmcufinder\plugins\mcufinder//mcu/
2025-05-08 20:15:52,213 [WARN] DbFile:41 - Overriding database path with different value: C:\Users\User\.stmcufinder\plugins\mcufinder/ => C:\Users\User\.stmcufinder\plugins\mcufinder
2025-05-08 20:15:52,214 [INFO] DbMcusAds:125 - Set database path to: C:\Users\User\.stmcufinder\plugins\mcufinder//mcu/
2025-05-08 20:15:52,214 [WARN] DbFile:41 - Overriding database path with different value: C:\Users\User\.stmcufinder\plugins\mcufinder/ => C:\Users\User\.stmcufinder\plugins\mcufinder
2025-05-08 20:15:52,214 [WARN] DbFile:41 - Overriding database path with different value: C:\Users\User\.stmcufinder\plugins\mcufinder/ => C:\Users\User\.stmcufinder\plugins\mcufinder
2025-05-08 20:15:52,214 [INFO] CrossReferenceDbSqlite:203 - Set database path to: C:\Users\User\.stmcufinder\plugins\mcufinder//mcu/cs/
2025-05-08 20:15:52,262 [INFO] ApplicationProperties:184 - Using Application install path: C:\ST\STM32CubeIDE_1.17.0\STM32CubeIDE\plugins\com.st.stm32cube.common.mx_6.13.0.202411220809
2025-05-08 20:15:52,264 [INFO] PluginManage:196 - Search for loadable plugins [exclusion list=, ]
2025-05-08 20:15:52,266 [INFO] PluginManage:310 - Check plugin analytics
2025-05-08 20:15:57,238 [INFO] AnalyticsPlugin:253 - Accepted Software Licenses: 
2025-05-08 20:15:57,238 [INFO] AnalyticsPlugin:255 - Accepted CMSIS Pack Licenses: 
2025-05-08 20:15:57,239 [INFO] AnalyticsPlugin:257 - Accepted Firmware Licenses: FW.F4.1.28.0
2025-05-08 20:15:57,243 [INFO] PluginManage:359 - Loaded plugin analytics (category:tool,tabindex:-1)
2025-05-08 20:15:57,245 [INFO] PluginManage:310 - Check plugin cadmodel
2025-05-08 20:15:57,283 [INFO] CADModel:105 - Init CAD model plugin
2025-05-08 20:15:57,284 [INFO] PluginManage:359 - Loaded plugin cadmodel (category:power,tabindex:5)
2025-05-08 20:15:57,284 [INFO] PluginManage:310 - Check plugin clock
2025-05-08 20:15:57,381 [INFO] PluginManage:359 - Loaded plugin clock (category:base,tabindex:2)
2025-05-08 20:15:57,381 [INFO] PluginManage:310 - Check plugin ddr
2025-05-08 20:15:57,385 [INFO] PluginManage:359 - Loaded plugin ddr (category:tool,tabindex:6)
2025-05-08 20:15:57,385 [INFO] PluginManage:310 - Check plugin filemanager
2025-05-08 20:15:57,653 [INFO] PluginManage:359 - Loaded plugin filemanager (category:base,tabindex:10)
2025-05-08 20:15:57,654 [INFO] PluginManage:310 - Check plugin ipmanager
2025-05-08 20:15:57,665 [INFO] PluginManage:359 - Loaded plugin ipmanager (category:base,tabindex:5)
2025-05-08 20:15:57,666 [INFO] PluginManage:310 - Check plugin lpbam
2025-05-08 20:15:57,699 [INFO] PluginManage:359 - Loaded plugin lpbam (category:base,tabindex:0)
2025-05-08 20:15:57,699 [INFO] PluginManage:310 - Check plugin memorymap
2025-05-08 20:15:57,737 [INFO] PluginManage:359 - Loaded plugin memorymap (category:base,tabindex:4)
2025-05-08 20:15:57,738 [INFO] PluginManage:310 - Check plugin pinoutandconfiguration
2025-05-08 20:15:57,768 [INFO] PluginManage:359 - Loaded plugin pinoutandconfiguration (category:base,tabindex:1)
2025-05-08 20:15:57,769 [INFO] PluginManage:310 - Check plugin pinoutconfig
2025-05-08 20:15:57,943 [WARN] SupportedApi:132 - Cannot load RTOS API schema: s4s-elt-must-match.1: The content of 'definitions' must match (annotation?, (simpleType | complexType)?, (unique | key | keyref)*)). A problem was found starting at: attribute.
2025-05-08 20:15:58,198 [INFO] PluginManage:359 - Loaded plugin pinoutconfig (category:base,tabindex:0)
2025-05-08 20:15:58,198 [INFO] PluginManage:310 - Check plugin power
2025-05-08 20:15:58,235 [INFO] PluginManage:359 - Loaded plugin power (category:power,tabindex:4)
2025-05-08 20:15:58,235 [INFO] PluginManage:310 - Check plugin projectmanager
2025-05-08 20:15:58,267 [INFO] PluginManage:359 - Loaded plugin projectmanager (category:projectmanager,tabindex:4)
2025-05-08 20:15:58,267 [INFO] PluginManage:310 - Check plugin rif
2025-05-08 20:15:58,301 [INFO] PluginManage:359 - Loaded plugin rif (category:base,tabindex:3)
2025-05-08 20:15:58,301 [INFO] PluginManage:310 - Check plugin thirdparty
2025-05-08 20:15:58,855 [INFO] PluginManage:359 - Loaded plugin thirdparty (category:base,tabindex:-1)
2025-05-08 20:15:58,856 [INFO] PluginManage:310 - Check plugin tools
2025-05-08 20:15:58,858 [WARN] IntegrityCheckThread:84 - waiting for thirdparty lock release [integrity check]
2025-05-08 20:15:58,865 [INFO] IntegrityCheckThread:86 - entering critical section [integrity check]
2025-05-08 20:15:58,865 [INFO] ThirdPartyUpdaterWithRetryManager:70 - Updater plugin not ready yet. [1/15]
2025-05-08 20:15:58,939 [INFO] PluginManage:359 - Loaded plugin tools (category:base,tabindex:7)
2025-05-08 20:15:58,939 [INFO] PluginManage:310 - Check plugin tutovideos
2025-05-08 20:15:59,257 [INFO] PluginManage:359 - Loaded plugin tutovideos (category:base,tabindex:-1)
2025-05-08 20:15:59,257 [INFO] PluginManage:310 - Check plugin updater
2025-05-08 20:15:59,299 [INFO] PluginManage:359 - Loaded plugin updater (category:base,tabindex:12)
2025-05-08 20:15:59,300 [INFO] PluginManage:310 - Check plugin userauth
2025-05-08 20:15:59,312 [INFO] UserAuth:118 - Init User Auth plugin
2025-05-08 20:15:59,313 [INFO] PluginManage:359 - Loaded plugin userauth (category:base,tabindex:14)
2025-05-08 20:15:59,314 [INFO] PluginManage:283 - PluginManage : Loaded plugins [18]
2025-05-08 20:15:59,708 [INFO] PinOutPanel:1589 - setPackage(No Configuration,No Configuration)
2025-05-08 20:15:59,867 [INFO] CADModel:165 - CPN selected for project level
2025-05-08 20:15:59,868 [INFO] CADModel:114 - Register for checkConnection events
2025-05-08 20:15:59,909 [INFO] IPUIPlugin:80 - create IPUIPlugin
2025-05-08 20:15:59,909 [INFO] PluginManager:220 - loadIPPluginJar : add adc
2025-05-08 20:15:59,984 [INFO] IPUIPlugin:80 - create IPUIPlugin
2025-05-08 20:15:59,984 [INFO] PluginManager:220 - loadIPPluginJar : add aes
2025-05-08 20:16:00,076 [INFO] IPUIPlugin:80 - create IPUIPlugin
2025-05-08 20:16:00,077 [INFO] PluginManager:220 - loadIPPluginJar : add can
2025-05-08 20:16:00,131 [INFO] IPUIPlugin:80 - create IPUIPlugin
2025-05-08 20:16:00,131 [INFO] PluginManager:220 - loadIPPluginJar : add comp
2025-05-08 20:16:00,232 [INFO] IPUIPlugin:80 - create IPUIPlugin
2025-05-08 20:16:00,232 [INFO] PluginManager:220 - loadIPPluginJar : add cryp
2025-05-08 20:16:00,263 [INFO] IPUIPlugin:80 - create IPUIPlugin
2025-05-08 20:16:00,263 [INFO] PluginManager:220 - loadIPPluginJar : add ddr_ctrl_phy
2025-05-08 20:16:00,328 [INFO] IPUIPlugin:80 - create IPUIPlugin
2025-05-08 20:16:00,328 [INFO] PluginManager:220 - loadIPPluginJar : add dfsdm
2025-05-08 20:16:00,355 [INFO] IPUIPlugin:80 - create IPUIPlugin
2025-05-08 20:16:00,356 [INFO] PluginManager:220 - loadIPPluginJar : add dma
2025-05-08 20:16:00,435 [INFO] IPUIPlugin:80 - create IPUIPlugin
2025-05-08 20:16:00,436 [INFO] PluginManager:220 - loadIPPluginJar : add dma3
2025-05-08 20:16:00,518 [INFO] IPUIPlugin:80 - create IPUIPlugin
2025-05-08 20:16:00,518 [INFO] PluginManager:220 - loadIPPluginJar : add extmemmanager
2025-05-08 20:16:00,562 [INFO] IPUIPlugin:80 - create IPUIPlugin
2025-05-08 20:16:00,562 [INFO] PluginManager:220 - loadIPPluginJar : add fatfs
2025-05-08 20:16:00,647 [INFO] IPUIPlugin:80 - create IPUIPlugin
2025-05-08 20:16:00,647 [INFO] PluginManager:220 - loadIPPluginJar : add fmc
2025-05-08 20:16:00,675 [INFO] IPUIPlugin:80 - create IPUIPlugin
2025-05-08 20:16:00,675 [INFO] PluginManager:220 - loadIPPluginJar : add freertos
2025-05-08 20:16:00,716 [INFO] IPUIPlugin:80 - create IPUIPlugin
2025-05-08 20:16:00,716 [INFO] PluginManager:220 - loadIPPluginJar : add genericplugin
2025-05-08 20:16:00,923 [INFO] IPUIPlugin:80 - create IPUIPlugin
2025-05-08 20:16:00,924 [INFO] PluginManager:220 - loadIPPluginJar : add gfxmmu
2025-05-08 20:16:01,199 [INFO] IPUIPlugin:80 - create IPUIPlugin
2025-05-08 20:16:01,200 [INFO] PluginManager:220 - loadIPPluginJar : add gic
2025-05-08 20:16:01,221 [INFO] IPUIPlugin:80 - create IPUIPlugin
2025-05-08 20:16:01,221 [INFO] PluginManager:220 - loadIPPluginJar : add gpio
2025-05-08 20:16:01,375 [INFO] IPUIPlugin:80 - create IPUIPlugin
2025-05-08 20:16:01,375 [INFO] PluginManager:220 - loadIPPluginJar : add gtzc
2025-05-08 20:16:01,428 [INFO] IPUIPlugin:80 - create IPUIPlugin
2025-05-08 20:16:01,429 [INFO] PluginManager:220 - loadIPPluginJar : add hash
2025-05-08 20:16:01,522 [INFO] IPUIPlugin:80 - create IPUIPlugin
2025-05-08 20:16:01,522 [INFO] PluginManager:220 - loadIPPluginJar : add i2c
2025-05-08 20:16:01,587 [INFO] IPUIPlugin:80 - create IPUIPlugin
2025-05-08 20:16:01,587 [INFO] PluginManager:220 - loadIPPluginJar : add i2s
2025-05-08 20:16:01,652 [INFO] IPUIPlugin:80 - create IPUIPlugin
2025-05-08 20:16:01,653 [INFO] PluginManager:220 - loadIPPluginJar : add i3c
2025-05-08 20:16:01,814 [INFO] IPUIPlugin:80 - create IPUIPlugin
2025-05-08 20:16:01,815 [INFO] PluginManager:220 - loadIPPluginJar : add ipddr
2025-05-08 20:16:01,867 [INFO] ThirdPartyUpdaterWithRetryManager:70 - Updater plugin not ready yet. [2/15]
2025-05-08 20:16:01,965 [INFO] IPUIPlugin:80 - create IPUIPlugin
2025-05-08 20:16:01,965 [INFO] PluginManager:220 - loadIPPluginJar : add linkedlist
2025-05-08 20:16:02,031 [INFO] IPUIPlugin:80 - create IPUIPlugin
2025-05-08 20:16:02,031 [INFO] PluginManager:220 - loadIPPluginJar : add lorawan
2025-05-08 20:16:02,097 [INFO] IPUIPlugin:80 - create IPUIPlugin
2025-05-08 20:16:02,097 [INFO] PluginManager:220 - loadIPPluginJar : add ltdc
2025-05-08 20:16:02,119 [INFO] IPUIPlugin:80 - create IPUIPlugin
2025-05-08 20:16:02,120 [INFO] PluginManager:220 - loadIPPluginJar : add mdma
2025-05-08 20:16:02,137 [INFO] IPUIPlugin:80 - create IPUIPlugin
2025-05-08 20:16:02,138 [INFO] PluginManager:220 - loadIPPluginJar : add nvic
2025-05-08 20:16:02,198 [INFO] IPUIPlugin:80 - create IPUIPlugin
2025-05-08 20:16:02,199 [INFO] PluginManager:220 - loadIPPluginJar : add opamp
2025-05-08 20:16:02,306 [INFO] IPUIPlugin:80 - create IPUIPlugin
2025-05-08 20:16:02,306 [INFO] PluginManager:220 - loadIPPluginJar : add openamp
2025-05-08 20:16:02,379 [INFO] IPUIPlugin:80 - create IPUIPlugin
2025-05-08 20:16:02,379 [INFO] PluginManager:220 - loadIPPluginJar : add pdm2pcm
2025-05-08 20:16:02,402 [INFO] IPUIPlugin:80 - create IPUIPlugin
2025-05-08 20:16:02,405 [INFO] PluginManager:220 - loadIPPluginJar : add plateformsettings
2025-05-08 20:16:02,440 [INFO] IPUIPlugin:80 - create IPUIPlugin
2025-05-08 20:16:02,441 [INFO] PluginManager:220 - loadIPPluginJar : add quadspi
2025-05-08 20:16:02,483 [INFO] IPUIPlugin:80 - create IPUIPlugin
2025-05-08 20:16:02,484 [INFO] PluginManager:220 - loadIPPluginJar : add radio
2025-05-08 20:16:02,504 [INFO] IPUIPlugin:80 - create IPUIPlugin
2025-05-08 20:16:02,505 [INFO] PluginManager:220 - loadIPPluginJar : add resmgrutility
2025-05-08 20:16:02,583 [INFO] IPUIPlugin:80 - create IPUIPlugin
2025-05-08 20:16:02,583 [INFO] PluginManager:220 - loadIPPluginJar : add sai
2025-05-08 20:16:02,647 [INFO] IPUIPlugin:80 - create IPUIPlugin
2025-05-08 20:16:02,648 [INFO] PluginManager:220 - loadIPPluginJar : add spi
2025-05-08 20:16:02,758 [INFO] IPUIPlugin:80 - create IPUIPlugin
2025-05-08 20:16:02,758 [INFO] PluginManager:220 - loadIPPluginJar : add stm32_wpan
2025-05-08 20:16:02,799 [INFO] IPUIPlugin:80 - create IPUIPlugin
2025-05-08 20:16:02,799 [INFO] PluginManager:220 - loadIPPluginJar : add tim
2025-05-08 20:16:02,895 [INFO] IPUIPlugin:80 - create IPUIPlugin
2025-05-08 20:16:02,895 [INFO] PluginManager:220 - loadIPPluginJar : add touchsensing
2025-05-08 20:16:02,937 [INFO] IPUIPlugin:80 - create IPUIPlugin
2025-05-08 20:16:02,937 [INFO] PluginManager:220 - loadIPPluginJar : add tracer_emb
2025-05-08 20:16:02,976 [INFO] IPUIPlugin:80 - create IPUIPlugin
2025-05-08 20:16:02,976 [INFO] PluginManager:220 - loadIPPluginJar : add ts
2025-05-08 20:16:03,016 [INFO] IPUIPlugin:80 - create IPUIPlugin
2025-05-08 20:16:03,016 [INFO] PluginManager:220 - loadIPPluginJar : add tsc
2025-05-08 20:16:03,051 [INFO] IPUIPlugin:80 - create IPUIPlugin
2025-05-08 20:16:03,051 [INFO] PluginManager:220 - loadIPPluginJar : add ucpd
2025-05-08 20:16:03,125 [INFO] IPUIPlugin:80 - create IPUIPlugin
2025-05-08 20:16:03,125 [INFO] PluginManager:220 - loadIPPluginJar : add usart
2025-05-08 20:16:03,195 [INFO] IPUIPlugin:80 - create IPUIPlugin
2025-05-08 20:16:03,195 [INFO] PluginManager:220 - loadIPPluginJar : add usbx
2025-05-08 20:16:03,350 [FATAL] Updater:351 - Updater called before beeing initialized
2025-05-08 20:16:03,399 [INFO] RulesReader:64 - Compatibility file has been processed (297 Rules)
2025-05-08 20:16:03,417 [INFO] RulesReader:64 - Compatibility file has been processed (297 Rules)
2025-05-08 20:16:03,426 [INFO] CADModel:165 - CPN selected for project level
2025-05-08 20:16:03,427 [INFO] CADModel:114 - Register for checkConnection events
2025-05-08 20:16:03,427 [FATAL] Updater:351 - Updater called before beeing initialized
2025-05-08 20:16:03,427 [ERROR] CADModel:125 - Updater not yet initialized, retry later 
2025-05-08 20:16:03,622 [FATAL] Updater:351 - Updater called before beeing initialized
2025-05-08 20:16:03,624 [INFO] CADModel:165 - CPN selected for project level
2025-05-08 20:16:03,625 [INFO] CADModel:114 - Register for checkConnection events
2025-05-08 20:16:03,625 [FATAL] Updater:351 - Updater called before beeing initialized
2025-05-08 20:16:03,625 [ERROR] CADModel:125 - Updater not yet initialized, retry later 
2025-05-08 20:16:03,629 [FATAL] Updater:351 - Updater called before beeing initialized
2025-05-08 20:16:03,847 [FATAL] Updater:351 - Updater called before beeing initialized
2025-05-08 20:16:03,861 [INFO] DbMcusAds:53 - JSON generation date=Wed May 07 11:07:55 CEST 2025 (1746608875187)
2025-05-08 20:16:03,861 [FATAL] Updater:351 - Updater called before beeing initialized
2025-05-08 20:16:03,911 [WARN] DetailPanel:346 - Failed to get advertising image, set to default
2025-05-08 20:16:04,238 [FATAL] Updater:351 - Updater called before beeing initialized
2025-05-08 20:16:04,241 [FATAL] Updater:351 - Updater called before beeing initialized
2025-05-08 20:16:04,242 [FATAL] Updater:351 - Updater called before beeing initialized
2025-05-08 20:16:04,242 [WARN] DetailPanel:346 - Failed to get advertising image, set to default
2025-05-08 20:16:04,243 [FATAL] Updater:351 - Updater called before beeing initialized
2025-05-08 20:16:04,342 [ERROR] Updater:1198 - MainUpdater not yet initialized. External WinMGr cannot be set.
2025-05-08 20:16:04,357 [INFO] Updater:1134 - Updater Version found : 6.13.0
2025-05-08 20:16:04,384 [INFO] ApplicationProperties:184 - Using Application install path: C:\ST\STM32CubeIDE_1.17.0\STM32CubeIDE\plugins\com.st.stm32cube.common.mx_6.13.0.202411220809
2025-05-08 20:16:04,868 [INFO] ThirdPartyUpdaterWithRetryManager:70 - Updater plugin not ready yet. [3/15]
2025-05-08 20:16:05,984 [ERROR] LogOutputStream:75 - [STDERR_REDIRECT] May 08, 2025 8:16:05 PM java.util.prefs.WindowsPreferences <init>
2025-05-08 20:16:05,989 [ERROR] LogOutputStream:75 - [STDERR_REDIRECT] WARNING: Could not open/create prefs root node Software\JavaSoft\Prefs at root 0xffffffff80000002. Windows RegCreateKeyEx(...) returned error code 5.
2025-05-08 20:16:05,990 [ERROR] LogOutputStream:75 - [STDERR_REDIRECT] 
2025-05-08 20:16:06,381 [INFO] MainUpdater:2872 - connection check result : 10
2025-05-08 20:16:06,382 [INFO] MainUpdater:289 - Updater Check For Update Now.
2025-05-08 20:16:06,383 [INFO] MicroXplorer:498 - Change Database Version : DB.6.0.130
2025-05-08 20:16:06,411 [INFO] McuFinderGlobals:63 - Set McuFinder mode to 2 (CubeIDE integrated)
2025-05-08 20:16:06,425 [INFO] UserAuth:486 - Internet connection configuration mode: 1
2025-05-08 20:16:06,503 [INFO] JxBrowserEngine:152 - Initiate JxBrowser Engine with user profile folder
2025-05-08 20:16:06,740 [INFO] CheckServerUpdateThread:120 - End of CheckServer Thread
2025-05-08 20:16:08,730 [INFO] WebApp:168 - Instantiating new browser for Auth
2025-05-08 20:16:08,934 [WARN] PackLoader:240 - Cannot read IP mode file for STMicroelectronics.FP-SNS-MOTENVWB1.1.4.0
2025-05-08 20:16:08,989 [WARN] PackLoader:240 - Cannot read IP mode file for STMicroelectronics.FP-ATR-ASTRA1.2.0.2
2025-05-08 20:16:09,023 [WARN] PackLoader:240 - Cannot read IP mode file for STMicroelectronics.FP-ATR-ASTRA1.2.0.1
2025-05-08 20:16:09,096 [WARN] PackLoader:240 - Cannot read IP mode file for STMicroelectronics.X-CUBE-SMBUS.2.1.0
2025-05-08 20:16:09,170 [WARN] PackLoader:240 - Cannot read IP mode file for STMicroelectronics.X-CUBE-WB05N.1.1.0
2025-05-08 20:16:09,416 [WARN] PackLoader:240 - Cannot read IP mode file for STMicroelectronics.X-CUBE-AZRTOS-F7.1.1.0
2025-05-08 20:16:09,496 [WARN] PackLoader:240 - Cannot read IP mode file for STMicroelectronics.FP-SNS-FLIGHT1.5.0.2
2025-05-08 20:16:09,646 [WARN] PackLoader:240 - Cannot read IP mode file for Infineon.AIROC-Wi-Fi-Bluetooth-STM32.1.7.0
2025-05-08 20:16:09,704 [WARN] PackLoader:240 - Cannot read IP mode file for STMicroelectronics.X-CUBE-DISPLAY.3.0.0
2025-05-08 20:16:09,740 [WARN] PackLoader:240 - Cannot read IP mode file for STMicroelectronics.X-CUBE-BLE1.7.0.0
2025-05-08 20:16:09,774 [WARN] PackLoader:240 - Cannot read IP mode file for STMicroelectronics.X-CUBE-NFC10.1.0.0
2025-05-08 20:16:09,818 [WARN] PackLoader:240 - Cannot read IP mode file for STMicroelectronics.X-CUBE-BLEMGR.4.0.0
2025-05-08 20:16:09,858 [WARN] PackLoader:240 - Cannot read IP mode file for emotas.I-CUBE-CANOPEN.1.3.0
2025-05-08 20:16:09,884 [WARN] PackLoader:240 - Cannot read IP mode file for STMicroelectronics.X-CUBE-AI.10.0.0
2025-05-08 20:16:09,912 [WARN] PackLoader:240 - Cannot read IP mode file for STMicroelectronics.FP-SNS-SMARTAG2.1.2.0
2025-05-08 20:16:09,936 [WARN] PackLoader:240 - Cannot read IP mode file for STMicroelectronics.FP-SNS-FLIGHT1.5.1.0
2025-05-08 20:16:10,134 [WARN] PackLoader:240 - Cannot read IP mode file for STMicroelectronics.X-CUBE-MEMS1.11.1.0
2025-05-08 20:16:10,518 [INFO] LogOutputStream:77 - [STDOUT_REDIRECT] 1 : Invalid condition id : UX_CORESTACK_Condition cause : null
2025-05-08 20:16:10,519 [INFO] LogOutputStream:77 - [STDOUT_REDIRECT] 1 : Invalid condition id : UX_CORESTACK_Condition cause : null
2025-05-08 20:16:10,521 [INFO] LogOutputStream:77 - [STDOUT_REDIRECT] 1 : Invalid condition id : UX_CORESTACK_Condition cause : null
2025-05-08 20:16:10,524 [INFO] LogOutputStream:77 - [STDOUT_REDIRECT] 1 : Invalid condition id : UX_CORESTACK_Condition cause : null
2025-05-08 20:16:10,526 [INFO] LogOutputStream:77 - [STDOUT_REDIRECT] 1 : Invalid condition id : UX_CORESTACK_Condition cause : null
2025-05-08 20:16:10,532 [WARN] PackLoader:240 - Cannot read IP mode file for STMicroelectronics.X-CUBE-AZRTOS-WL.2.0.0
2025-05-08 20:16:10,565 [WARN] PackLoader:240 - Cannot read IP mode file for STMicroelectronics.FP-SNS-MOTENV1.5.0.0
2025-05-08 20:16:10,606 [WARN] PackLoader:240 - Cannot read IP mode file for wolfSSL.I-CUBE-wolfMQTT.1.19.0
2025-05-08 20:16:10,690 [WARN] PackLoader:240 - Cannot read IP mode file for WES.I-CUBE-Cesium.1.3.0
2025-05-08 20:16:10,747 [WARN] PackLoader:240 - Cannot read IP mode file for STMicroelectronics.X-CUBE-BLE2.3.3.0
2025-05-08 20:16:10,805 [WARN] PackLoader:240 - Cannot read IP mode file for STMicroelectronics.X-CUBE-NFC9.1.0.0
2025-05-08 20:16:10,857 [WARN] PackLoader:240 - Cannot read IP mode file for STMicroelectronics.X-CUBE-BLE1.7.1.0
2025-05-08 20:16:10,924 [INFO] WebApp:449 - Apply proxy settings
2025-05-08 20:16:10,925 [INFO] WebApp:534 - Chromium requires no authentication
2025-05-08 20:16:10,953 [INFO] WebApp:477 - Direct internet connection detected
2025-05-08 20:16:11,168 [INFO] WebApp:880 - Register for checkConnection events
2025-05-08 20:16:11,170 [INFO] WebApp:449 - Apply proxy settings
2025-05-08 20:16:11,171 [INFO] WebApp:534 - Chromium requires no authentication
2025-05-08 20:16:11,172 [INFO] WebApp:477 - Direct internet connection detected
2025-05-08 20:16:11,184 [WARN] PackLoader:240 - Cannot read IP mode file for STMicroelectronics.X-CUBE-MEMS1.11.2.0
2025-05-08 20:16:11,636 [WARN] PackLoader:240 - Cannot read IP mode file for STMicroelectronics.X-CUBE-AZRTOS-G0.1.1.0
2025-05-08 20:16:11,678 [WARN] PackLoader:240 - Cannot read IP mode file for STMicroelectronics.X-CUBE-SAFEA1.1.2.2
2025-05-08 20:16:11,705 [WARN] PackLoader:240 - Cannot read IP mode file for STMicroelectronics.X-CUBE-NFC4.3.0.0
2025-05-08 20:16:11,733 [WARN] PackLoader:240 - Cannot read IP mode file for EmbeddedOffice.I-CUBE-FS-RTOS.1.0.1
2025-05-08 20:16:11,789 [WARN] PackLoader:240 - Cannot read IP mode file for STMicroelectronics.X-CUBE-WB05N.2.0.0
2025-05-08 20:16:11,825 [WARN] PackLoader:240 - Cannot read IP mode file for STMicroelectronics.X-CUBE-TCPP.4.2.0
2025-05-08 20:16:11,852 [WARN] PackLoader:240 - Cannot read IP mode file for RealThread.X-CUBE-RT-Thread_Nano.4.1.1
2025-05-08 20:16:11,857 [INFO] WebApp:221 - Starting web application
2025-05-08 20:16:11,859 [INFO] WebApp:579 - Web application path used C:\ST\STM32CubeIDE_1.17.0\STM32CubeIDE\plugins\com.st.stm32cube.common.mx_6.13.0.202411220809\db\plugins\mcufinder\reactClient1\index.html
2025-05-08 20:16:11,882 [WARN] PackLoader:240 - Cannot read IP mode file for STMicroelectronics.FP-ATR-SIGFOX1.3.2.0
2025-05-08 20:16:11,886 [INFO] WebApp:187 - Connection restablished
2025-05-08 20:16:11,910 [WARN] ConditionMgr:438 - getConditionDescription Invalid condition id : Cortex-A Device cause : null
2025-05-08 20:16:11,991 [WARN] ConditionMgr:1044 - genDependencies : Invalid condition id : Cortex-A Device cause : null
2025-05-08 20:16:11,991 [WARN] ConditionMgr:1044 - genDependencies : Invalid condition id : Cortex-A Device cause : null
2025-05-08 20:16:11,991 [WARN] ConditionMgr:1044 - genDependencies : Invalid condition id : Cortex-A Device cause : null
2025-05-08 20:16:12,113 [WARN] PackLoader:240 - Cannot read IP mode file for STMicroelectronics.X-CUBE-EEPRMA1.5.1.0
2025-05-08 20:16:12,281 [WARN] PackLoader:240 - Cannot read IP mode file for wolfSSL.I-CUBE-wolfSSL.5.7.4
2025-05-08 20:16:12,419 [WARN] PackLoader:240 - Cannot read IP mode file for ITTIA_DB.I-CUBE-ITTIADB.8.9.0
2025-05-08 20:16:12,604 [WARN] PackLoader:240 - Cannot read IP mode file for SEGGER.I-CUBE-embOS.1.3.1
2025-05-08 20:16:12,934 [WARN] PackLoader:240 - Cannot read IP mode file for STMicroelectronics.X-CUBE-ALGOBUILD.1.4.0
2025-05-08 20:16:12,957 [WARN] PackLoader:240 - Cannot read IP mode file for STMicroelectronics.X-CUBE-AI.9.1.0
2025-05-08 20:16:13,036 [WARN] PackLoader:240 - Cannot read IP mode file for STMicroelectronics.X-CUBE-AZRTOS-F4.1.1.0
2025-05-08 20:16:13,087 [WARN] PackLoader:240 - Cannot read IP mode file for Avnet-IotConnect.X-CUBE-IoTC-DA16k-PMOD.1.0.0
2025-05-08 20:16:13,113 [WARN] PackLoader:240 - Cannot read IP mode file for STMicroelectronics.X-CUBE-ISPU.2.1.0
2025-05-08 20:16:13,189 [WARN] PackLoader:240 - Cannot read IP mode file for STMicroelectronics.X-CUBE-AZRTOS-L5.2.0.0
2025-05-08 20:16:13,229 [WARN] PackLoader:240 - Cannot read IP mode file for STMicroelectronics.X-CUBE-NFC6.3.1.0
2025-05-08 20:16:13,260 [WARN] PackLoader:240 - Cannot read IP mode file for STMicroelectronics.X-CUBE-DPower.1.2.0
2025-05-08 20:16:13,287 [WARN] PackLoader:240 - Cannot read IP mode file for STMicroelectronics.X-CUBE-FREERTOS.1.3.0
2025-05-08 20:16:13,317 [WARN] PackLoader:240 - Cannot read IP mode file for STMicroelectronics.X-CUBE-NFC7.1.0.1
2025-05-08 20:16:13,348 [INFO] UserAuth:486 - Internet connection configuration mode: 1
2025-05-08 20:16:13,361 [WARN] PackLoader:240 - Cannot read IP mode file for STMicroelectronics.X-CUBE-DPower.1.3.0
2025-05-08 20:16:13,569 [WARN] ConditionMgr:438 - getConditionDescription Invalid condition id : LAN8742 Phy interface Condition cause : null
2025-05-08 20:16:13,570 [WARN] PackLoader:240 - Cannot read IP mode file for STMicroelectronics.X-CUBE-AZRTOS-L4.2.0.0
2025-05-08 20:16:13,571 [WARN] ConditionMgr:1044 - genDependencies : Invalid condition id : LAN8742 Phy interface Condition cause : null
2025-05-08 20:16:13,572 [WARN] ConditionMgr:1044 - genDependencies : Invalid condition id : LAN8742 Phy interface Condition cause : null
2025-05-08 20:16:13,579 [WARN] ConditionMgr:1044 - genDependencies : Invalid condition id : LAN8742 Phy interface Condition cause : null
2025-05-08 20:16:13,686 [WARN] PackLoader:240 - Cannot read IP mode file for STMicroelectronics.X-CUBE-SFXS2LP1.4.0.0
2025-05-08 20:16:13,753 [WARN] PackLoader:240 - Cannot read IP mode file for STMicroelectronics.X-CUBE-AZRTOS-H7.3.3.0
2025-05-08 20:16:13,806 [WARN] ConditionMgr:438 - getConditionDescription Invalid condition id : UX DEVICE CLASS RTOS Condition cause : null
2025-05-08 20:16:13,806 [WARN] ConditionMgr:438 - getConditionDescription Invalid condition id : UX DEVICE CLASS RTOS Condition cause : null
2025-05-08 20:16:13,808 [WARN] PackLoader:240 - Cannot read IP mode file for STMicroelectronics.X-CUBE-AZRTOS-WB.2.0.0
2025-05-08 20:16:13,809 [WARN] ConditionMgr:1044 - genDependencies : Invalid condition id : UX DEVICE CLASS RTOS Condition cause : null
2025-05-08 20:16:13,809 [WARN] ConditionMgr:1044 - genDependencies : Invalid condition id : UX DEVICE CLASS RTOS Condition cause : null
2025-05-08 20:16:13,810 [WARN] ConditionMgr:1044 - genDependencies : Invalid condition id : UX DEVICE CLASS RTOS Condition cause : null
2025-05-08 20:16:13,810 [WARN] ConditionMgr:1044 - genDependencies : Invalid condition id : UX DEVICE CLASS RTOS Condition cause : null
2025-05-08 20:16:13,811 [WARN] ConditionMgr:1044 - genDependencies : Invalid condition id : UX DEVICE CLASS RTOS Condition cause : null
2025-05-08 20:16:13,839 [WARN] PackLoader:240 - Cannot read IP mode file for STMicroelectronics.X-CUBE-GNSS1.7.0.1
2025-05-08 20:16:13,875 [WARN] PackLoader:240 - Cannot read IP mode file for STMicroelectronics.X-CUBE-TOUCHGFX.4.25.0
2025-05-08 20:16:13,905 [WARN] PackLoader:240 - Cannot read IP mode file for STMicroelectronics.FP-SNS-STBOX1.2.0.0
2025-05-08 20:16:13,978 [WARN] PackLoader:240 - Cannot read IP mode file for STMicroelectronics.X-CUBE-SUBG2.5.0.0
2025-05-08 20:16:14,041 [WARN] PackLoader:240 - Cannot read IP mode file for STMicroelectronics.X-CUBE-AZRTOS-H7RS.1.1.0
2025-05-08 20:16:14,075 [WARN] PackLoader:240 - Cannot read IP mode file for Cesanta.I-CUBE-Mongoose.7.13.0
2025-05-08 20:16:14,122 [WARN] PackLoader:240 - Cannot read IP mode file for STMicroelectronics.X-CUBE-AZRTOS-G4.2.0.0
2025-05-08 20:16:14,162 [WARN] PackLoader:240 - Cannot read IP mode file for STMicroelectronics.X-CUBE-NFC7.2.0.0
2025-05-08 20:16:14,207 [WARN] PackLoader:240 - Cannot read IP mode file for STMicroelectronics.X-CUBE-IPS.3.1.0
2025-05-08 20:16:14,237 [WARN] PackLoader:240 - Cannot read IP mode file for STMicroelectronics.X-CUBE-ALS.1.0.2
2025-05-08 20:16:14,261 [WARN] PackLoader:240 - Cannot read IP mode file for STMicroelectronics.X-CUBE-TOUCHGFX.4.24.2
2025-05-08 20:16:14,292 [WARN] PackLoader:240 - Cannot read IP mode file for wolfSSL.I-CUBE-wolfTPM.3.4.0
2025-05-08 20:16:14,319 [WARN] PackLoader:240 - Cannot read IP mode file for portGmbH.I-Cube-SoM-uGOAL.1.1.0
2025-05-08 20:16:14,369 [WARN] PackLoader:240 - Cannot read IP mode file for STMicroelectronics.X-CUBE-AZRTOS-H7RS.1.0.0
2025-05-08 20:16:14,411 [WARN] PackLoader:240 - Cannot read IP mode file for STMicroelectronics.X-CUBE-TOF1.3.4.2
2025-05-08 20:16:14,459 [WARN] PackLoader:240 - Cannot read IP mode file for STMicroelectronics.X-CUBE-TOF1.3.4.3
2025-05-08 20:16:14,502 [WARN] PackLoader:240 - Cannot read IP mode file for wolfSSL.I-CUBE-wolfSSH.1.4.17
2025-05-08 20:16:14,503 [INFO] ThirdParty:978 - Integrity check success = true
2025-05-08 20:16:14,503 [INFO] IntegrityCheckThread:100 - exiting critical section [integrity check]
2025-05-08 20:16:14,504 [INFO] IntegrityCheckThread:103 - End integrity checks thread
2025-05-08 21:15:24,219 [INFO] WebApp:190 - Connection lost
2025-05-08 21:15:26,506 [INFO] WebApp:187 - Connection restablished
2025-05-08 21:15:26,739 [INFO] WebApp:190 - Connection lost
2025-05-08 21:15:27,137 [INFO] WebApp:187 - Connection restablished
2025-05-08 21:15:29,821 [INFO] WebApp:190 - Connection lost
2025-05-08 21:15:29,960 [INFO] WebApp:187 - Connection restablished
2025-05-08 21:31:25,529 [INFO] WebApp:190 - Connection lost
2025-05-08 21:31:26,715 [INFO] WebApp:187 - Connection restablished
2025-05-08 21:31:29,286 [INFO] WebApp:190 - Connection lost
2025-05-08 21:31:29,409 [INFO] WebApp:187 - Connection restablished
2025-05-08 21:31:32,326 [INFO] WebApp:190 - Connection lost
2025-05-08 21:31:32,459 [INFO] WebApp:187 - Connection restablished
