2025-05-11 23:24:21,213 [INFO] Activator:176 - 


2025-05-11 23:24:21,224 [INFO] Activator:177 - !SESSION log4j initialized
2025-05-11 23:24:31,594 [INFO] LogOutputStream:77 - [STDOUT_REDIRECT] 
2025-05-11 23:24:38,785 [INFO] ApplicationProperties:184 - Using Application install path: C:\ST\STM32CubeIDE_1.17.0\STM32CubeIDE\plugins\com.st.stm32cube.common.mx_6.13.0.202411220809
2025-05-11 23:24:38,813 [INFO] DbMcusXml:78 - Set database path to: C:\ST\STM32CubeIDE_1.17.0\STM32CubeIDE\plugins\com.st.stm32cube.common.mx_6.13.0.202411220809\\db\/mcu/
2025-05-11 23:24:38,814 [INFO] ApiDb:274 - Set plugin database path to: C:\ST\STM32CubeIDE_1.17.0\STM32CubeIDE\plugins\com.st.stm32cube.common.mx_6.13.0.202411220809\\db\/plugins/boardmanager/
2025-05-11 23:24:38,814 [WARN] ApiDb:259 - Overriding images path with different value:  => C:\ST\STM32CubeIDE_1.17.0\STM32CubeIDE\plugins\com.st.stm32cube.common.mx_6.13.0.202411220809\\db\/plugins/mcufinder/images/
2025-05-11 23:24:38,836 [INFO] ApiDb:250 - Set database path to: C:\Users\User\.stmcufinder\plugins\mcufinder//mcu/
2025-05-11 23:24:38,839 [INFO] DbMcusAds:125 - Set database path to: C:\Users\User\.stmcufinder\plugins\mcufinder//mcu/
2025-05-11 23:24:38,843 [INFO] CrossReferenceDbSqlite:203 - Set database path to: C:\Users\User\.stmcufinder\plugins\mcufinder//mcu/cs/
2025-05-11 23:24:39,087 [INFO] RulesReader:64 - Compatibility file has been processed (297 Rules)
2025-05-11 23:24:39,232 [INFO] DbMcusXml:78 - Set database path to: C:\ST\STM32CubeIDE_1.17.0\STM32CubeIDE\plugins\com.st.stm32cube.common.mx_6.13.0.202411220809\\db\/mcu/
2025-05-11 23:24:39,232 [INFO] ApiDb:274 - Set plugin database path to: C:\ST\STM32CubeIDE_1.17.0\STM32CubeIDE\plugins\com.st.stm32cube.common.mx_6.13.0.202411220809\\db\/plugins/boardmanager/
2025-05-11 23:24:39,233 [INFO] ApiDb:261 - Set plugin images path to: C:\ST\STM32CubeIDE_1.17.0\STM32CubeIDE\plugins\com.st.stm32cube.common.mx_6.13.0.202411220809\\db\/plugins/mcufinder/images/
2025-05-11 23:24:39,233 [WARN] DbFile:41 - Overriding database path with different value: C:\Users\User\.stmcufinder\plugins\mcufinder/ => C:\Users\User\.stmcufinder\plugins\mcufinder
2025-05-11 23:24:39,233 [INFO] ApiDb:250 - Set database path to: C:\Users\User\.stmcufinder\plugins\mcufinder//mcu/
2025-05-11 23:24:39,235 [WARN] DbFile:41 - Overriding database path with different value: C:\Users\User\.stmcufinder\plugins\mcufinder/ => C:\Users\User\.stmcufinder\plugins\mcufinder
2025-05-11 23:24:39,235 [INFO] DbMcusAds:125 - Set database path to: C:\Users\User\.stmcufinder\plugins\mcufinder//mcu/
2025-05-11 23:24:39,235 [WARN] DbFile:41 - Overriding database path with different value: C:\Users\User\.stmcufinder\plugins\mcufinder/ => C:\Users\User\.stmcufinder\plugins\mcufinder
2025-05-11 23:24:39,235 [WARN] DbFile:41 - Overriding database path with different value: C:\Users\User\.stmcufinder\plugins\mcufinder/ => C:\Users\User\.stmcufinder\plugins\mcufinder
2025-05-11 23:24:39,235 [INFO] CrossReferenceDbSqlite:203 - Set database path to: C:\Users\User\.stmcufinder\plugins\mcufinder//mcu/cs/
2025-05-11 23:24:39,383 [INFO] MainPanel:272 - HeapMemory: 268435456
2025-05-11 23:24:39,572 [INFO] DbMcusXml:78 - Set database path to: C:\ST\STM32CubeIDE_1.17.0\STM32CubeIDE\plugins\com.st.stm32cube.common.mx_6.13.0.202411220809\\db\/mcu/
2025-05-11 23:24:39,572 [INFO] ApiDb:274 - Set plugin database path to: C:\ST\STM32CubeIDE_1.17.0\STM32CubeIDE\plugins\com.st.stm32cube.common.mx_6.13.0.202411220809\\db\/plugins/boardmanager/
2025-05-11 23:24:39,572 [INFO] ApiDb:261 - Set plugin images path to: C:\ST\STM32CubeIDE_1.17.0\STM32CubeIDE\plugins\com.st.stm32cube.common.mx_6.13.0.202411220809\\db\/plugins/mcufinder/images/
2025-05-11 23:24:39,573 [WARN] DbFile:41 - Overriding database path with different value: C:\Users\User\.stmcufinder\plugins\mcufinder/ => C:\Users\User\.stmcufinder\plugins\mcufinder
2025-05-11 23:24:39,573 [INFO] ApiDb:250 - Set database path to: C:\Users\User\.stmcufinder\plugins\mcufinder//mcu/
2025-05-11 23:24:39,573 [WARN] DbFile:41 - Overriding database path with different value: C:\Users\User\.stmcufinder\plugins\mcufinder/ => C:\Users\User\.stmcufinder\plugins\mcufinder
2025-05-11 23:24:39,573 [INFO] DbMcusAds:125 - Set database path to: C:\Users\User\.stmcufinder\plugins\mcufinder//mcu/
2025-05-11 23:24:39,573 [WARN] DbFile:41 - Overriding database path with different value: C:\Users\User\.stmcufinder\plugins\mcufinder/ => C:\Users\User\.stmcufinder\plugins\mcufinder
2025-05-11 23:24:39,573 [WARN] DbFile:41 - Overriding database path with different value: C:\Users\User\.stmcufinder\plugins\mcufinder/ => C:\Users\User\.stmcufinder\plugins\mcufinder
2025-05-11 23:24:39,573 [INFO] CrossReferenceDbSqlite:203 - Set database path to: C:\Users\User\.stmcufinder\plugins\mcufinder//mcu/cs/
2025-05-11 23:24:39,604 [INFO] ApplicationProperties:184 - Using Application install path: C:\ST\STM32CubeIDE_1.17.0\STM32CubeIDE\plugins\com.st.stm32cube.common.mx_6.13.0.202411220809
2025-05-11 23:24:39,606 [INFO] PluginManage:196 - Search for loadable plugins [exclusion list=, ]
2025-05-11 23:24:39,608 [INFO] PluginManage:310 - Check plugin analytics
2025-05-11 23:24:44,488 [INFO] AnalyticsPlugin:253 - Accepted Software Licenses: 
2025-05-11 23:24:44,488 [INFO] AnalyticsPlugin:255 - Accepted CMSIS Pack Licenses: 
2025-05-11 23:24:44,488 [INFO] AnalyticsPlugin:257 - Accepted Firmware Licenses: FW.F4.1.28.0
2025-05-11 23:24:44,493 [INFO] PluginManage:359 - Loaded plugin analytics (category:tool,tabindex:-1)
2025-05-11 23:24:44,494 [INFO] PluginManage:310 - Check plugin cadmodel
2025-05-11 23:24:44,528 [INFO] CADModel:105 - Init CAD model plugin
2025-05-11 23:24:44,529 [INFO] PluginManage:359 - Loaded plugin cadmodel (category:power,tabindex:5)
2025-05-11 23:24:44,529 [INFO] PluginManage:310 - Check plugin clock
2025-05-11 23:24:44,572 [INFO] PluginManage:359 - Loaded plugin clock (category:base,tabindex:2)
2025-05-11 23:24:44,573 [INFO] PluginManage:310 - Check plugin ddr
2025-05-11 23:24:44,576 [INFO] PluginManage:359 - Loaded plugin ddr (category:tool,tabindex:6)
2025-05-11 23:24:44,577 [INFO] PluginManage:310 - Check plugin filemanager
2025-05-11 23:24:44,838 [INFO] PluginManage:359 - Loaded plugin filemanager (category:base,tabindex:10)
2025-05-11 23:24:44,838 [INFO] PluginManage:310 - Check plugin ipmanager
2025-05-11 23:24:44,852 [INFO] PluginManage:359 - Loaded plugin ipmanager (category:base,tabindex:5)
2025-05-11 23:24:44,853 [INFO] PluginManage:310 - Check plugin lpbam
2025-05-11 23:24:44,886 [INFO] PluginManage:359 - Loaded plugin lpbam (category:base,tabindex:0)
2025-05-11 23:24:44,886 [INFO] PluginManage:310 - Check plugin memorymap
2025-05-11 23:24:44,927 [INFO] PluginManage:359 - Loaded plugin memorymap (category:base,tabindex:4)
2025-05-11 23:24:44,928 [INFO] PluginManage:310 - Check plugin pinoutandconfiguration
2025-05-11 23:24:44,971 [INFO] PluginManage:359 - Loaded plugin pinoutandconfiguration (category:base,tabindex:1)
2025-05-11 23:24:44,971 [INFO] PluginManage:310 - Check plugin pinoutconfig
2025-05-11 23:24:45,165 [WARN] SupportedApi:132 - Cannot load RTOS API schema: s4s-elt-must-match.1: The content of 'definitions' must match (annotation?, (simpleType | complexType)?, (unique | key | keyref)*)). A problem was found starting at: attribute.
2025-05-11 23:24:45,580 [INFO] PluginManage:359 - Loaded plugin pinoutconfig (category:base,tabindex:0)
2025-05-11 23:24:45,581 [INFO] PluginManage:310 - Check plugin power
2025-05-11 23:24:45,625 [INFO] PluginManage:359 - Loaded plugin power (category:power,tabindex:4)
2025-05-11 23:24:45,626 [INFO] PluginManage:310 - Check plugin projectmanager
2025-05-11 23:24:45,663 [INFO] PluginManage:359 - Loaded plugin projectmanager (category:projectmanager,tabindex:4)
2025-05-11 23:24:45,663 [INFO] PluginManage:310 - Check plugin rif
2025-05-11 23:24:45,699 [INFO] PluginManage:359 - Loaded plugin rif (category:base,tabindex:3)
2025-05-11 23:24:45,700 [INFO] PluginManage:310 - Check plugin thirdparty
2025-05-11 23:24:46,341 [WARN] IntegrityCheckThread:84 - waiting for thirdparty lock release [integrity check]
2025-05-11 23:24:46,341 [INFO] PluginManage:359 - Loaded plugin thirdparty (category:base,tabindex:-1)
2025-05-11 23:24:46,342 [INFO] PluginManage:310 - Check plugin tools
2025-05-11 23:24:46,342 [INFO] IntegrityCheckThread:86 - entering critical section [integrity check]
2025-05-11 23:24:46,343 [INFO] ThirdPartyUpdaterWithRetryManager:70 - Updater plugin not ready yet. [1/15]
2025-05-11 23:24:46,416 [INFO] PluginManage:359 - Loaded plugin tools (category:base,tabindex:7)
2025-05-11 23:24:46,416 [INFO] PluginManage:310 - Check plugin tutovideos
2025-05-11 23:24:46,749 [INFO] PluginManage:359 - Loaded plugin tutovideos (category:base,tabindex:-1)
2025-05-11 23:24:46,749 [INFO] PluginManage:310 - Check plugin updater
2025-05-11 23:24:46,803 [INFO] PluginManage:359 - Loaded plugin updater (category:base,tabindex:12)
2025-05-11 23:24:46,803 [INFO] PluginManage:310 - Check plugin userauth
2025-05-11 23:24:46,812 [INFO] UserAuth:118 - Init User Auth plugin
2025-05-11 23:24:46,813 [INFO] PluginManage:359 - Loaded plugin userauth (category:base,tabindex:14)
2025-05-11 23:24:46,814 [INFO] PluginManage:283 - PluginManage : Loaded plugins [18]
2025-05-11 23:24:47,174 [INFO] PinOutPanel:1589 - setPackage(No Configuration,No Configuration)
2025-05-11 23:24:47,321 [INFO] CADModel:165 - CPN selected for project level
2025-05-11 23:24:47,321 [INFO] CADModel:114 - Register for checkConnection events
2025-05-11 23:24:47,366 [INFO] IPUIPlugin:80 - create IPUIPlugin
2025-05-11 23:24:47,366 [INFO] PluginManager:220 - loadIPPluginJar : add adc
2025-05-11 23:24:47,452 [INFO] IPUIPlugin:80 - create IPUIPlugin
2025-05-11 23:24:47,452 [INFO] PluginManager:220 - loadIPPluginJar : add aes
2025-05-11 23:24:47,555 [INFO] IPUIPlugin:80 - create IPUIPlugin
2025-05-11 23:24:47,556 [INFO] PluginManager:220 - loadIPPluginJar : add can
2025-05-11 23:24:47,610 [INFO] IPUIPlugin:80 - create IPUIPlugin
2025-05-11 23:24:47,610 [INFO] PluginManager:220 - loadIPPluginJar : add comp
2025-05-11 23:24:47,693 [INFO] IPUIPlugin:80 - create IPUIPlugin
2025-05-11 23:24:47,693 [INFO] PluginManager:220 - loadIPPluginJar : add cryp
2025-05-11 23:24:47,724 [INFO] IPUIPlugin:80 - create IPUIPlugin
2025-05-11 23:24:47,724 [INFO] PluginManager:220 - loadIPPluginJar : add ddr_ctrl_phy
2025-05-11 23:24:47,790 [INFO] IPUIPlugin:80 - create IPUIPlugin
2025-05-11 23:24:47,790 [INFO] PluginManager:220 - loadIPPluginJar : add dfsdm
2025-05-11 23:24:47,813 [INFO] IPUIPlugin:80 - create IPUIPlugin
2025-05-11 23:24:47,814 [INFO] PluginManager:220 - loadIPPluginJar : add dma
2025-05-11 23:24:47,897 [INFO] IPUIPlugin:80 - create IPUIPlugin
2025-05-11 23:24:47,897 [INFO] PluginManager:220 - loadIPPluginJar : add dma3
2025-05-11 23:24:48,005 [INFO] IPUIPlugin:80 - create IPUIPlugin
2025-05-11 23:24:48,005 [INFO] PluginManager:220 - loadIPPluginJar : add extmemmanager
2025-05-11 23:24:48,056 [INFO] IPUIPlugin:80 - create IPUIPlugin
2025-05-11 23:24:48,056 [INFO] PluginManager:220 - loadIPPluginJar : add fatfs
2025-05-11 23:24:48,165 [INFO] IPUIPlugin:80 - create IPUIPlugin
2025-05-11 23:24:48,166 [INFO] PluginManager:220 - loadIPPluginJar : add fmc
2025-05-11 23:24:48,195 [INFO] IPUIPlugin:80 - create IPUIPlugin
2025-05-11 23:24:48,195 [INFO] PluginManager:220 - loadIPPluginJar : add freertos
2025-05-11 23:24:48,241 [INFO] IPUIPlugin:80 - create IPUIPlugin
2025-05-11 23:24:48,241 [INFO] PluginManager:220 - loadIPPluginJar : add genericplugin
2025-05-11 23:24:48,467 [INFO] IPUIPlugin:80 - create IPUIPlugin
2025-05-11 23:24:48,468 [INFO] PluginManager:220 - loadIPPluginJar : add gfxmmu
2025-05-11 23:24:48,775 [INFO] IPUIPlugin:80 - create IPUIPlugin
2025-05-11 23:24:48,776 [INFO] PluginManager:220 - loadIPPluginJar : add gic
2025-05-11 23:24:48,804 [INFO] IPUIPlugin:80 - create IPUIPlugin
2025-05-11 23:24:48,804 [INFO] PluginManager:220 - loadIPPluginJar : add gpio
2025-05-11 23:24:49,034 [INFO] IPUIPlugin:80 - create IPUIPlugin
2025-05-11 23:24:49,034 [INFO] PluginManager:220 - loadIPPluginJar : add gtzc
2025-05-11 23:24:49,110 [INFO] IPUIPlugin:80 - create IPUIPlugin
2025-05-11 23:24:49,110 [INFO] PluginManager:220 - loadIPPluginJar : add hash
2025-05-11 23:24:49,260 [INFO] IPUIPlugin:80 - create IPUIPlugin
2025-05-11 23:24:49,261 [INFO] PluginManager:220 - loadIPPluginJar : add i2c
2025-05-11 23:24:49,345 [INFO] ThirdPartyUpdaterWithRetryManager:70 - Updater plugin not ready yet. [2/15]
2025-05-11 23:24:49,376 [INFO] IPUIPlugin:80 - create IPUIPlugin
2025-05-11 23:24:49,376 [INFO] PluginManager:220 - loadIPPluginJar : add i2s
2025-05-11 23:24:49,494 [INFO] IPUIPlugin:80 - create IPUIPlugin
2025-05-11 23:24:49,495 [INFO] PluginManager:220 - loadIPPluginJar : add i3c
2025-05-11 23:24:49,759 [INFO] IPUIPlugin:80 - create IPUIPlugin
2025-05-11 23:24:49,760 [INFO] PluginManager:220 - loadIPPluginJar : add ipddr
2025-05-11 23:24:49,987 [INFO] IPUIPlugin:80 - create IPUIPlugin
2025-05-11 23:24:49,987 [INFO] PluginManager:220 - loadIPPluginJar : add linkedlist
2025-05-11 23:24:50,073 [INFO] IPUIPlugin:80 - create IPUIPlugin
2025-05-11 23:24:50,073 [INFO] PluginManager:220 - loadIPPluginJar : add lorawan
2025-05-11 23:24:50,161 [INFO] IPUIPlugin:80 - create IPUIPlugin
2025-05-11 23:24:50,161 [INFO] PluginManager:220 - loadIPPluginJar : add ltdc
2025-05-11 23:24:50,189 [INFO] IPUIPlugin:80 - create IPUIPlugin
2025-05-11 23:24:50,189 [INFO] PluginManager:220 - loadIPPluginJar : add mdma
2025-05-11 23:24:50,216 [INFO] IPUIPlugin:80 - create IPUIPlugin
2025-05-11 23:24:50,216 [INFO] PluginManager:220 - loadIPPluginJar : add nvic
2025-05-11 23:24:50,306 [INFO] IPUIPlugin:80 - create IPUIPlugin
2025-05-11 23:24:50,306 [INFO] PluginManager:220 - loadIPPluginJar : add opamp
2025-05-11 23:24:50,463 [INFO] IPUIPlugin:80 - create IPUIPlugin
2025-05-11 23:24:50,463 [INFO] PluginManager:220 - loadIPPluginJar : add openamp
2025-05-11 23:24:50,566 [INFO] IPUIPlugin:80 - create IPUIPlugin
2025-05-11 23:24:50,566 [INFO] PluginManager:220 - loadIPPluginJar : add pdm2pcm
2025-05-11 23:24:50,596 [INFO] IPUIPlugin:80 - create IPUIPlugin
2025-05-11 23:24:50,600 [INFO] PluginManager:220 - loadIPPluginJar : add plateformsettings
2025-05-11 23:24:50,646 [INFO] IPUIPlugin:80 - create IPUIPlugin
2025-05-11 23:24:50,646 [INFO] PluginManager:220 - loadIPPluginJar : add quadspi
2025-05-11 23:24:50,699 [INFO] IPUIPlugin:80 - create IPUIPlugin
2025-05-11 23:24:50,700 [INFO] PluginManager:220 - loadIPPluginJar : add radio
2025-05-11 23:24:50,727 [INFO] IPUIPlugin:80 - create IPUIPlugin
2025-05-11 23:24:50,727 [INFO] PluginManager:220 - loadIPPluginJar : add resmgrutility
2025-05-11 23:24:50,826 [INFO] IPUIPlugin:80 - create IPUIPlugin
2025-05-11 23:24:50,826 [INFO] PluginManager:220 - loadIPPluginJar : add sai
2025-05-11 23:24:50,938 [INFO] IPUIPlugin:80 - create IPUIPlugin
2025-05-11 23:24:50,939 [INFO] PluginManager:220 - loadIPPluginJar : add spi
2025-05-11 23:24:51,110 [INFO] IPUIPlugin:80 - create IPUIPlugin
2025-05-11 23:24:51,110 [INFO] PluginManager:220 - loadIPPluginJar : add stm32_wpan
2025-05-11 23:24:51,168 [INFO] IPUIPlugin:80 - create IPUIPlugin
2025-05-11 23:24:51,168 [INFO] PluginManager:220 - loadIPPluginJar : add tim
2025-05-11 23:24:51,305 [INFO] IPUIPlugin:80 - create IPUIPlugin
2025-05-11 23:24:51,305 [INFO] PluginManager:220 - loadIPPluginJar : add touchsensing
2025-05-11 23:24:51,353 [INFO] IPUIPlugin:80 - create IPUIPlugin
2025-05-11 23:24:51,353 [INFO] PluginManager:220 - loadIPPluginJar : add tracer_emb
2025-05-11 23:24:51,407 [INFO] IPUIPlugin:80 - create IPUIPlugin
2025-05-11 23:24:51,407 [INFO] PluginManager:220 - loadIPPluginJar : add ts
2025-05-11 23:24:51,459 [INFO] IPUIPlugin:80 - create IPUIPlugin
2025-05-11 23:24:51,460 [INFO] PluginManager:220 - loadIPPluginJar : add tsc
2025-05-11 23:24:51,520 [INFO] IPUIPlugin:80 - create IPUIPlugin
2025-05-11 23:24:51,521 [INFO] PluginManager:220 - loadIPPluginJar : add ucpd
2025-05-11 23:24:51,658 [INFO] IPUIPlugin:80 - create IPUIPlugin
2025-05-11 23:24:51,659 [INFO] PluginManager:220 - loadIPPluginJar : add usart
2025-05-11 23:24:51,793 [INFO] IPUIPlugin:80 - create IPUIPlugin
2025-05-11 23:24:51,793 [INFO] PluginManager:220 - loadIPPluginJar : add usbx
2025-05-11 23:24:51,981 [FATAL] Updater:351 - Updater called before beeing initialized
2025-05-11 23:24:52,042 [INFO] RulesReader:64 - Compatibility file has been processed (297 Rules)
2025-05-11 23:24:52,068 [INFO] RulesReader:64 - Compatibility file has been processed (297 Rules)
2025-05-11 23:24:52,084 [INFO] CADModel:165 - CPN selected for project level
2025-05-11 23:24:52,085 [INFO] CADModel:114 - Register for checkConnection events
2025-05-11 23:24:52,085 [FATAL] Updater:351 - Updater called before beeing initialized
2025-05-11 23:24:52,086 [ERROR] CADModel:125 - Updater not yet initialized, retry later 
2025-05-11 23:24:52,331 [FATAL] Updater:351 - Updater called before beeing initialized
2025-05-11 23:24:52,334 [INFO] CADModel:165 - CPN selected for project level
2025-05-11 23:24:52,335 [INFO] CADModel:114 - Register for checkConnection events
2025-05-11 23:24:52,335 [FATAL] Updater:351 - Updater called before beeing initialized
2025-05-11 23:24:52,335 [ERROR] CADModel:125 - Updater not yet initialized, retry later 
2025-05-11 23:24:52,340 [FATAL] Updater:351 - Updater called before beeing initialized
2025-05-11 23:24:52,347 [INFO] ThirdPartyUpdaterWithRetryManager:70 - Updater plugin not ready yet. [3/15]
2025-05-11 23:24:52,611 [FATAL] Updater:351 - Updater called before beeing initialized
2025-05-11 23:24:52,631 [INFO] DbMcusAds:53 - JSON generation date=Wed May 07 11:07:55 CEST 2025 (1746608875187)
2025-05-11 23:24:52,632 [FATAL] Updater:351 - Updater called before beeing initialized
2025-05-11 23:24:52,696 [WARN] DetailPanel:346 - Failed to get advertising image, set to default
2025-05-11 23:24:53,161 [FATAL] Updater:351 - Updater called before beeing initialized
2025-05-11 23:24:53,175 [FATAL] Updater:351 - Updater called before beeing initialized
2025-05-11 23:24:53,175 [FATAL] Updater:351 - Updater called before beeing initialized
2025-05-11 23:24:53,175 [WARN] DetailPanel:346 - Failed to get advertising image, set to default
2025-05-11 23:24:53,176 [FATAL] Updater:351 - Updater called before beeing initialized
2025-05-11 23:24:53,365 [ERROR] Updater:1198 - MainUpdater not yet initialized. External WinMGr cannot be set.
2025-05-11 23:24:53,394 [INFO] Updater:1134 - Updater Version found : 6.13.0
2025-05-11 23:24:53,423 [INFO] ApplicationProperties:184 - Using Application install path: C:\ST\STM32CubeIDE_1.17.0\STM32CubeIDE\plugins\com.st.stm32cube.common.mx_6.13.0.202411220809
2025-05-11 23:24:55,023 [ERROR] LogOutputStream:75 - [STDERR_REDIRECT] May 11, 2025 11:24:55 PM java.util.prefs.WindowsPreferences <init>
2025-05-11 23:24:55,026 [ERROR] LogOutputStream:75 - [STDERR_REDIRECT] WARNING: Could not open/create prefs root node Software\JavaSoft\Prefs at root 0xffffffff80000002. Windows RegCreateKeyEx(...) returned error code 5.
2025-05-11 23:24:55,026 [ERROR] LogOutputStream:75 - [STDERR_REDIRECT] 
2025-05-11 23:24:55,369 [FATAL] Updater:351 - Updater called before beeing initialized
2025-05-11 23:24:55,379 [ERROR] IntegrityCheckThread:130 - Cannot retrieve database content from updater: error 21
2025-05-11 23:24:55,383 [INFO] ThirdParty:978 - Integrity check success = false
2025-05-11 23:24:55,383 [INFO] IntegrityCheckThread:100 - exiting critical section [integrity check]
2025-05-11 23:24:55,384 [INFO] IntegrityCheckThread:103 - End integrity checks thread
2025-05-11 23:24:55,611 [INFO] MainUpdater:2872 - connection check result : 10
2025-05-11 23:24:55,612 [INFO] MainUpdater:3566 - Updater definition file requires update
2025-05-11 23:24:55,613 [INFO] MainUpdater:289 - Updater Check For Update Now.
2025-05-11 23:24:55,614 [INFO] MicroXplorer:498 - Change Database Version : DB.6.0.130
2025-05-11 23:24:55,640 [INFO] McuFinderGlobals:63 - Set McuFinder mode to 2 (CubeIDE integrated)
2025-05-11 23:24:55,654 [INFO] UserAuth:486 - Internet connection configuration mode: 1
2025-05-11 23:24:55,702 [INFO] JxBrowserEngine:152 - Initiate JxBrowser Engine with user profile folder
2025-05-11 23:24:55,719 [INFO] ServerAccessManage:473 - Download File updaters.zip
2025-05-11 23:24:55,958 [INFO] FileExtend:240 - Unzip File : updaters.zip
2025-05-11 23:24:55,959 [INFO] FileExtend:255 - Standard Zip Deflate
2025-05-11 23:24:57,330 [INFO] ServerAccessManage:473 - Download File PacksControlFlags.xml
2025-05-11 23:24:57,485 [INFO] ServerAccessManage:473 - Download File cubemx.pidx
2025-05-11 23:25:00,932 [INFO] ServerAccessManage:473 - Download File STMicroelectronics.X-CUBE-FREERTOS.pdsc
2025-05-11 23:25:02,646 [INFO] WebApp:168 - Instantiating new browser for Auth
2025-05-11 23:25:06,059 [INFO] WebApp:449 - Apply proxy settings
2025-05-11 23:25:06,060 [INFO] WebApp:534 - Chromium requires no authentication
2025-05-11 23:25:06,092 [INFO] WebApp:477 - Direct internet connection detected
2025-05-11 23:25:06,314 [INFO] WebApp:880 - Register for checkConnection events
2025-05-11 23:25:06,315 [INFO] WebApp:449 - Apply proxy settings
2025-05-11 23:25:06,315 [INFO] WebApp:534 - Chromium requires no authentication
2025-05-11 23:25:06,316 [INFO] WebApp:477 - Direct internet connection detected
2025-05-11 23:25:06,619 [WARN] PackLoader:240 - Cannot read IP mode file for STMicroelectronics.X-CUBE-FREERTOS.1.3.1
2025-05-11 23:25:06,622 [INFO] PopulateThirdPartyThread:66 - Ending populate Thread
2025-05-11 23:25:06,816 [INFO] ThirdParty:1030 - CMSIS Pack Vendor :STMicroelectronics X-CUBE-FREERTOS 1.3.1
2025-05-11 23:25:06,817 [INFO] LoadServerUpdatesThread:375 - End of LoadServerUpdate Thread
2025-05-11 23:25:07,285 [INFO] WebApp:187 - Connection restablished
2025-05-11 23:25:07,414 [INFO] CheckServerUpdateThread:120 - End of CheckServer Thread
2025-05-11 23:25:07,499 [INFO] WebApp:221 - Starting web application
2025-05-11 23:25:07,500 [INFO] WebApp:579 - Web application path used C:\ST\STM32CubeIDE_1.17.0\STM32CubeIDE\plugins\com.st.stm32cube.common.mx_6.13.0.202411220809\db\plugins\mcufinder\reactClient1\index.html
2025-05-11 23:25:08,850 [INFO] UserAuth:486 - Internet connection configuration mode: 1
2025-05-11 23:47:28,783 [INFO] McuFinderGlobals:63 - Set McuFinder mode to 2 (CubeIDE integrated)
2025-05-11 23:47:28,854 [INFO] MainUpdater:2872 - connection check result : 10
2025-05-11 23:47:28,914 [INFO] McuFinderGlobals:76 - Set McuFinderConnectedMode to true
2025-05-11 23:47:29,291 [INFO] ServerAccessManage:473 - Download File mcusAds.json._tmp_
2025-05-11 23:47:29,415 [INFO] LoadUrlFilesThread:156 - End of LoadUrlFiles Thread
2025-05-11 23:47:29,646 [INFO] ServerAccessManage:473 - Download File cube-finder-db.zip
2025-05-11 23:47:35,808 [INFO] FileExtend:240 - Unzip File : cube-finder-db.zip
2025-05-11 23:47:35,809 [INFO] FileExtend:255 - Standard Zip Deflate
2025-05-11 23:47:37,505 [INFO] LoadUrlFilesThread:156 - End of LoadUrlFiles Thread
2025-05-11 23:47:37,724 [INFO] ServerAccessManage:473 - Download File crdb.zip
2025-05-11 23:47:37,934 [INFO] FileExtend:240 - Unzip File : crdb.zip
2025-05-11 23:47:37,934 [INFO] FileExtend:255 - Standard Zip Deflate
2025-05-11 23:47:38,086 [INFO] LoadUrlFilesThread:156 - End of LoadUrlFiles Thread
2025-05-11 23:47:38,141 [INFO] ServerAccessManage:473 - Download File tutoVideoDB.zip
2025-05-11 23:47:38,168 [INFO] FileExtend:240 - Unzip File : tutoVideoDB.zip
2025-05-11 23:47:38,169 [INFO] FileExtend:255 - Standard Zip Deflate
2025-05-11 23:47:38,299 [INFO] LoadUrlFilesThread:156 - End of LoadUrlFiles Thread
2025-05-11 23:47:38,302 [WARN] DbFile:41 - Overriding database path with different value: C:\Users\User\.stmcufinder\plugins\mcufinder/ => C:\Users\User\.stmcufinder\plugins\mcufinder
2025-05-11 23:47:38,357 [INFO] ServerAccessManage:473 - Download File api_config.json
2025-05-11 23:47:38,464 [INFO] LoadUrlFilesThread:156 - End of LoadUrlFiles Thread
2025-05-11 23:47:38,467 [INFO] DbMcusAds:53 - JSON generation date=Wed May 07 11:07:55 CEST 2025 (1746608875513)
2025-05-11 23:47:38,575 [INFO] LoadUrlFilesThread:185 - End of LoadServerUrlFiles without Thread
2025-05-11 23:47:38,576 [INFO] TargetSelectorAdapter:259 - Refresh data is successful
2025-05-11 23:47:38,895 [INFO] ApiDb:581 - Connected to CubeFinder SQLite database (C:\Users\User\.stmcufinder\plugins\mcufinder\mcu\cube-finder-db.db)
2025-05-11 23:47:39,001 [INFO] ApiDb:668 - CubeFinder database Data Model version=2.1
2025-05-11 23:47:39,002 [INFO] ApiDb:669 - CubeFinder database Configuration version=3.0.39
2025-05-11 23:47:39,002 [INFO] ApiDb:670 - CubeFinder database generation date=2025-04-23 (1745419778)
2025-05-11 23:47:39,002 [INFO] ApiDb:671 - CubeFinder database FW Pack versions=[FP-ATR-ASTRA1_V2.0.0, FP-SNS-FLIGHT1_V5.1.0, FP-SNS-MOTENV1_V5.0.0, FP-SNS-MOTENVWB1_V1.4.0, FP-SNS-SMARTAG2_V1.2.0, FP-SNS-STBOX1_V2.0.0, STM32Cube_FW_C0_V1.4.0, STM32Cube_FW_F4_V1.28.1, STM32Cube_FW_F7_V1.17.2, STM32Cube_FW_G0_V1.6.2, STM32Cube_FW_G4_V1.6.1, STM32Cube_FW_H5_V1.5.0, STM32Cube_FW_H7RS_V1.2.0, STM32Cube_FW_H7_V1.12.1, STM32Cube_FW_L0_V1.12.2, STM32Cube_FW_L4_V1.18.1, STM32Cube_FW_L5_V1.5.1, STM32Cube_FW_N6_V1.1.1, STM32Cube_FW_U0_V1.2.0, STM32Cube_FW_U3_V1.1.0, STM32Cube_FW_U5_V1.7.0, STM32Cube_FW_WB0_V1.2.0, STM32Cube_FW_WBA_V1.6.0, STM32Cube_FW_WB_V1.22.0, STM32Cube_FW_WL3_V1.1.0, STM32Cube_FW_WL_V1.3.1, X-CUBE-ALGOBUILD_V1.4.0, X-CUBE-ALS_V1.0.2, X-CUBE-AZRTOS-F4_V1.1.0, X-CUBE-AZRTOS-F7_V1.1.0, X-CUBE-AZRTOS-G0_V1.1.0, X-CUBE-AZRTOS-G4_V2.0.0, X-CUBE-AZRTOS-H7RS_V1.1.0, X-CUBE-AZRTOS-H7_V3.3.0, X-CUBE-AZRTOS-L4_V2.0.0, X-CUBE-AZRTOS-L5_V2.0.0, X-CUBE-AZRTOS-WB_V2.0.0, X-CUBE-AZRTOS-WL_V2.0.0, X-CUBE-BLE1_V7.1.0, X-CUBE-BLE2_V3.3.0, X-CUBE-BLEMGR_V4.0.0, X-CUBE-EEPRMA1_V5.1.0, X-CUBE-FREERTOS_V1.3.0, X-CUBE-GNSS1_V6.0.0, X-CUBE-MEMS1_V11.2.0, X-CUBE-NFC4_V3.0.0, X-CUBE-NFC7_V1.0.1, X-CUBE-SFXS2LP1_V4.0.0, X-CUBE-SUBG2_V5.0.0, X-CUBE-TOF1_V3.4.3]
2025-05-11 23:47:43,145 [INFO] ApiDb:240 - Found 858 in-development CPN: [B-G473E-ZEST1S, B-WB1M-WPAN1, B-WBA5M-WPAN, B-WL5M-SUBG1, NUCLEO-C031C6, NUCLEO-C051C8, NUCLEO-C071RB, NUCLEO-C092RC, NUCLEO-H503RB, NUCLEO-H533RE, NUCLEO-H563ZI, NUCLEO-H7S3L8, NUCLEO-N657X0-Q, NUCLEO-U031R8, NUCLEO-U083RC, NUCLEO-U385RG-Q, NUCLEO-U545RE-Q, NUCLEO-U5A5ZJ-Q, NUCLEO-WB05KZ, NUCLEO-WB07CC, NUCLEO-WB09KE, NUCLEO-WBA52CG, NUCLEO-WBA55CG, NUCLEO-WL33CC1, NUCLEO-WL33CC2, STEVAL-PROTEUS1, STEVAL-SMARTAG2, STEVAL-STWINBX1, STM320518-EVAL, STM32C0116-DK, STM32C011D6Y3TR, STM32C011D6Y6TR, STM32C011F4P3, STM32C011F4P6, STM32C011F4U3, STM32C011F4U6TR, STM32C011F6P3, STM32C011F6P6, STM32C011F6U3, STM32C011F6U6TR, STM32C011J4M3, STM32C011J4M6, STM32C011J6M3, STM32C011J6M6, STM32C0316-DK, STM32C031C4T3, STM32C031C4T6, STM32C031C4U3, STM32C031C4U6, STM32C031C6T3, STM32C031C6T6, STM32C031C6U3, STM32C031C6U6, STM32C031F4P3, STM32C031F4P6, STM32C031F6P3, STM32C031F6P6, STM32C031G4U3, STM32C031G4U6, STM32C031G6U3, STM32C031G6U6, STM32C031K4T3, STM32C031K4T6, STM32C031K4U3, STM32C031K4U6, STM32C031K6T3, STM32C031K6T6, STM32C031K6U3, STM32C031K6U6, STM32C051C6T6, STM32C051C6U6, STM32C051C8T6, STM32C051C8U6, STM32C051D8Y6TR, STM32C051F6P6, STM32C051F8P6, STM32C051G6U6, STM32C051G8U6, STM32C051K6T6, STM32C051K6U6, STM32C051K8T6, STM32C071C8T6, STM32C071C8T6N, STM32C071C8U6, STM32C071C8U6N, STM32C071CBT6, STM32C071CBT6N, STM32C071CBU6, STM32C071CBU6N, STM32C071F8P6, STM32C071F8P6N, STM32C071FBP6, STM32C071FBP6N, STM32C071FBY6TR, STM32C071G8U6, STM32C071G8U6N, STM32C071GBU6, STM32C071GBU6N, STM32C071K8T6, STM32C071K8T6N, STM32C071K8U6, STM32C071K8U6N, STM32C071KBT6, STM32C071KBT6N, STM32C071KBU6, STM32C071KBU6N, STM32C071R8T6, STM32C071R8T6N, STM32C071RBI6N, STM32C071RBT6, STM32C071RBT6N, STM32C091CBT6, STM32C091CBU6, STM32C091CCT6, STM32C091CCU6, STM32C091ECY6TR, STM32C091FBP6, STM32C091FCP6, STM32C091GBU6, STM32C091GCU6, STM32C091KBT6, STM32C091KBU6, STM32C091KCT6, STM32C091KCU6, STM32C091RBT6, STM32C091RCI6, STM32C091RCT6, STM32C092CBT6, STM32C092CBU6, STM32C092CCT6, STM32C092CCU6, STM32C092ECY6TR, STM32C092FBP6, STM32C092FCP6, STM32C092GBU6, STM32C092GCU6, STM32C092KBT6, STM32C092KBU6, STM32C092KCT6, STM32C092KCU6, STM32C092RBT6, STM32C092RCI6, STM32C092RCT6, STM32G071K8TXN, STM32G071K8UXN, STM32G081GBU6N, STM32G081KBT6N, STM32G081KBUXN, STM32G0B1CCT6N, STM32G0B1KCT6, STM32G0B1NEY6TR, STM32G0B1RCT6N, STM32G0C1CCT6, STM32G0C1CCT6N, STM32G0C1CCU6N, STM32G0C1CET6N, STM32G0C1CEU6N, STM32G0C1KCT6, STM32G0C1NEY6TR, STM32G0C1RCI6N, STM32G0C1RCT6N, STM32G0C1REI6N, STM32G0C1RET6N, STM32G0C1VCI6, STM32G0C1VEI6, STM32G411C6T3, STM32G411C6T6, STM32G411C6U3, STM32G411C6U6, STM32G411C8T3, STM32G411C8T6, STM32G411C8U3, STM32G411C8U6, STM32G411CBT3, STM32G411CBT6, STM32G411CBU3, STM32G411CBU6, STM32G411CCT3, STM32G411CCT6, STM32G411CCU3, STM32G411CCU6, STM32G411K6T3, STM32G411K6T6, STM32G411K6U3, STM32G411K6U6, STM32G411K8T3, STM32G411K8T6, STM32G411K8U3, STM32G411K8U6, STM32G411KBT3, STM32G411KBT6, STM32G411KBU3, STM32G411KBU6, STM32G411M6T3, STM32G411M6T6, STM32G411M8T3, STM32G411M8T6, STM32G411MBT3, STM32G411MBT6, STM32G411MCT3, STM32G411MCT6, STM32G411R6T3, STM32G411R6T6, STM32G411R8T3, STM32G411R8T6, STM32G411RBT3, STM32G411RBT6, STM32G411RCT3, STM32G411RCT6, STM32G414CBT3, STM32G414CBT6, STM32G414CBU3, STM32G414CBU6, STM32G414CCT3, STM32G414CCT6, STM32G414CCU3, STM32G414CCU6, STM32G414MBT3, STM32G414MBT6, STM32G414MCT3, STM32G414MCT6, STM32G414RBT3, STM32G414RBT6, STM32G414RCT3, STM32G414RCT6, STM32G414VBT3, STM32G414VBT6, STM32G414VCT3, STM32G414VCT6, STM32G431CBT3Z, STM32G431RBT3Z, STM32G471CCT6, STM32G471CCU6, STM32G471CET3, STM32G471CET6, STM32G471CEU3, STM32G471CEU6, STM32G471MCT6, STM32G471MET3, STM32G471MET6, STM32G471MEY6TR, STM32G471QCT6, STM32G471QET3, STM32G471RCT6, STM32G471RET3, STM32G471RET6, STM32G471VCH6, STM32G471VCI6, STM32G471VCT6, STM32G471VEH3, STM32G471VEH6, STM32G471VEI3, STM32G471VEI6, STM32G471VET3, STM32G471VET6, STM32G473QET3Z, STM32G473RET3Z, STM32G474CCT6, STM32G491RET3Z, STM32H503CBT6, STM32H503CBU6, STM32H503EBY6TR, STM32H503KBU6, STM32H503RBT6, STM32H523CCT6, STM32H523CCU6, STM32H523CET6, STM32H523CEU6, STM32H523HEY6TR, STM32H523RCT6, STM32H523RET6, STM32H523VCI6, STM32H523VCT6, STM32H523VEI6, STM32H523VET6, STM32H523ZCJ6, STM32H523ZCT6, STM32H523ZEJ6, STM32H523ZET6, STM32H533CET6, STM32H533CEU6, STM32H533HEY6TR, STM32H533RET6, STM32H533VEI6, STM32H533VET6, STM32H533ZEJ6, STM32H533ZET6, STM32H562AGI6, STM32H562AII6, STM32H562IGK6, STM32H562IGT6, STM32H562IIK6, STM32H562IIT6, STM32H562RGT6, STM32H562RGV6, STM32H562RIT6, STM32H562RIV6, STM32H562VGT6, STM32H562VIT6, STM32H562ZGT6, STM32H562ZIT6, STM32H563AGI6, STM32H563AII3Q, STM32H563AII6, STM32H563IGK6, STM32H563IGT6, STM32H563IIK3Q, STM32H563IIK6, STM32H563IIT3Q, STM32H563IIT6, STM32H563MIY3QTR, STM32H563RGT6, STM32H563RGV6, STM32H563RIT6, STM32H563RIV6, STM32H563VGT6, STM32H563VIT3Q, STM32H563VIT6, STM32H563ZGT6, STM32H563ZIT3Q, STM32H563ZIT6, STM32H573AII3Q, STM32H573AII6, STM32H573I-DK, STM32H573IIK3Q, STM32H573IIK6, STM32H573IIT3Q, STM32H573IIT6, STM32H573MIY3QTR, STM32H573RIT6, STM32H573RIV6, STM32H573VIT3Q, STM32H573VIT6, STM32H573ZIT3Q, STM32H573ZIT6, STM32H7R3A8I6, STM32H7R3I8K6, STM32H7R3I8T6, STM32H7R3L8H6, STM32H7R3L8H6H, STM32H7R3R8V6, STM32H7R3V8H6, STM32H7R3V8T6, STM32H7R3V8Y6TR, STM32H7R3Z8J6, STM32H7R3Z8T6, STM32H7R7A8I6, STM32H7R7I8K6, STM32H7R7I8T6, STM32H7R7L8H6, STM32H7R7L8H6H, STM32H7R7Z8J6, STM32H7S3A8I6, STM32H7S3I8K6, STM32H7S3I8T6, STM32H7S3L8H6, STM32H7S3L8H6H, STM32H7S3R8V6, STM32H7S3V8H6, STM32H7S3V8T6, STM32H7S3V8Y6TR, STM32H7S3Z8J6, STM32H7S3Z8T6, STM32H7S78-DK, STM32H7S7A8I6, STM32H7S7I8K6, STM32H7S7I8T6, STM32H7S7L8H6, STM32H7S7L8H6H, STM32H7S7Z8J6, STM32L4R5QGI6STR, STM32MP131AAE3, STM32MP131AAF3, STM32MP131AAG3, STM32MP131CAE3, STM32MP131CAF3, STM32MP131CAG3, STM32MP131DAE7, STM32MP131DAF7, STM32MP131DAG7, STM32MP131FAE7, STM32MP131FAF7, STM32MP131FAG7, STM32MP133AAE3, STM32MP133AAF3, STM32MP133AAG3, STM32MP133CAE3, STM32MP133CAF3, STM32MP133CAG3, STM32MP133DAE7, STM32MP133DAF7, STM32MP133DAG7, STM32MP133FAE7, STM32MP133FAF7, STM32MP133FAG7, STM32MP135AAE3, STM32MP135AAF3, STM32MP135AAG3, STM32MP135CAE3, STM32MP135CAF3, STM32MP135CAG3, STM32MP135DAE7, STM32MP135DAF7, STM32MP135DAG7, STM32MP135F-DK, STM32MP135FAE7, STM32MP135FAF7, STM32MP135FAF7T, STM32MP135FAF7U, STM32MP135FAG7, STM32MP231AAJ3, STM32MP231AAK3, STM32MP231AAL3, STM32MP231CAJ3, STM32MP231CAK3, STM32MP231CAL3, STM32MP231DAJ3, STM32MP231DAK3, STM32MP231DAL3, STM32MP231FAJ3, STM32MP231FAK3, STM32MP231FAL3, STM32MP233AAJ3, STM32MP233AAK3, STM32MP233AAL3, STM32MP233CAJ3, STM32MP233CAK3, STM32MP233CAL3, STM32MP233DAJ3, STM32MP233DAK3, STM32MP233DAL3, STM32MP233FAJ3, STM32MP233FAK3, STM32MP233FAL3, STM32MP235AAJ3, STM32MP235AAK3, STM32MP235AAL3, STM32MP235CAJ3, STM32MP235CAK3, STM32MP235CAL3, STM32MP235DAJ3, STM32MP235DAK3, STM32MP235DAL3, STM32MP235FAJ3, STM32MP235FAK3, STM32MP235FAL3, STM32MP251AAI3, STM32MP251AAJ3, STM32MP251AAK3, STM32MP251AAL3, STM32MP251CAI3, STM32MP251CAJ3, STM32MP251CAK3, STM32MP251CAL3, STM32MP251DAI3, STM32MP251DAJ3, STM32MP251DAK3, STM32MP251DAL3, STM32MP251FAI3, STM32MP251FAJ3, STM32MP251FAK3, STM32MP251FAL3, STM32MP253AAI3, STM32MP253AAJ3, STM32MP253AAK3, STM32MP253AAL3, STM32MP253CAI3, STM32MP253CAJ3, STM32MP253CAK3, STM32MP253CAL3, STM32MP253DAI3, STM32MP253DAJ3, STM32MP253DAK3, STM32MP253DAL3, STM32MP253FAI3, STM32MP253FAJ3, STM32MP253FAK3, STM32MP253FAL3, STM32MP255AAI3, STM32MP255AAJ3, STM32MP255AAK3, STM32MP255AAL3, STM32MP255CAI3, STM32MP255CAJ3, STM32MP255CAK3, STM32MP255CAL3, STM32MP255DAI3, STM32MP255DAJ3, STM32MP255DAK3, STM32MP255DAL3, STM32MP255FAI3, STM32MP255FAJ3, STM32MP255FAK3, STM32MP255FAL3, STM32MP257AAI3, STM32MP257AAJ3, STM32MP257AAK3, STM32MP257AAL3, STM32MP257CAI3, STM32MP257CAJ3, STM32MP257CAK3, STM32MP257CAL3, STM32MP257DAI3, STM32MP257DAJ3, STM32MP257DAK3, STM32MP257DAL3, STM32MP257F-DK, STM32MP257F-EV1, STM32MP257FAI3, STM32MP257FAJ3, STM32MP257FAK3, STM32MP257FAL3, STM32N645A0H3Q, STM32N645B0H3Q, STM32N645I0H3Q, STM32N645L0H3Q, STM32N645X0H3Q, STM32N645Z0H3Q, STM32N647A0H3Q, STM32N647B0H3Q, STM32N647I0H3Q, STM32N647L0H3Q, STM32N647X0H3Q, STM32N647Z0H3Q, STM32N655A0H3Q, STM32N655B0H3Q, STM32N655I0H3Q, STM32N655L0H3Q, STM32N655X0H3Q, STM32N655Z0H3Q, STM32N6570-DK, STM32N657A0H3Q, STM32N657B0H3Q, STM32N657I0H3Q, STM32N657L0H3Q, STM32N657X0H3Q, STM32N657Z0H3Q, STM32U031C6T6, STM32U031C6U6, STM32U031C8T6, STM32U031C8U6, STM32U031F4P6, STM32U031F6P6, STM32U031F8P6, STM32U031G6Y6TR, STM32U031G8Y6TR, STM32U031K4U6, STM32U031K6U6, STM32U031K8U6, STM32U031R6I6, STM32U031R6T6, STM32U031R8I6, STM32U031R8T6, STM32U073C8T6, STM32U073C8U6, STM32U073CBT6, STM32U073CBU6, STM32U073CCT6, STM32U073CCU6, STM32U073H8Y6TR, STM32U073HBY6TR, STM32U073HCY6TR, STM32U073K8U6, STM32U073KBU6, STM32U073KCU6, STM32U073M8I6, STM32U073M8T6, STM32U073MBI6, STM32U073MBT6, STM32U073MCI6, STM32U073MCT6, STM32U073R8I6, STM32U073R8T6, STM32U073RBI6, STM32U073RBT6, STM32U073RCI6, STM32U073RCT6, STM32U083C-DK, STM32U083CCT6, STM32U083CCU6, STM32U083HCY6TR, STM32U083KCU6, STM32U083MCI6, STM32U083MCT6, STM32U083RCI6, STM32U083RCT6, STM32U375CET6, STM32U375CET6Q, STM32U375CEU6, STM32U375CEU6Q, STM32U375CEY6QTR, STM32U375CGT6, STM32U375CGT6Q, STM32U375CGU6, STM32U375CGU6Q, STM32U375CGY6QTR, STM32U375KEU6, STM32U375KGU6, STM32U375REI6, STM32U375REI6Q, STM32U375RET6, STM32U375RET6Q, STM32U375REY6GTR, STM32U375REY6QTR, STM32U375RGI6, STM32U375RGI6Q, STM32U375RGT6, STM32U375RGT6Q, STM32U375RGY6GTR, STM32U375RGY6QTR, STM32U375VEI6, STM32U375VEI6Q, STM32U375VET6, STM32U375VET6Q, STM32U375VGI6, STM32U375VGI6Q, STM32U375VGT6, STM32U375VGT6Q, STM32U385CGT6, STM32U385CGT6Q, STM32U385CGU6, STM32U385CGU6Q, STM32U385CGY6QTR, STM32U385KGU6, STM32U385RGI6, STM32U385RGI6Q, STM32U385RGT6, STM32U385RGT6Q, STM32U385RGY6GTR, STM32U385RGY6QTR, STM32U385VGI6, STM32U385VGI6Q, STM32U385VGT6, STM32U385VGT6Q, STM32U535CBT6, STM32U535CBT6Q, STM32U535CBU6, STM32U535CBU6Q, STM32U535CCT6, STM32U535CCT6Q, STM32U535CCU6, STM32U535CCU6Q, STM32U535CET6, STM32U535CET6Q, STM32U535CEU6, STM32U535CEU6Q, STM32U535JEY6QTR, STM32U535NCY6QTR, STM32U535NEY6QTR, STM32U535RBI6, STM32U535RBI6Q, STM32U535RBT6, STM32U535RBT6Q, STM32U535RCI6, STM32U535RCI6Q, STM32U535RCT6, STM32U535RCT6Q, STM32U535REI6, STM32U535REI6Q, STM32U535RET6, STM32U535RET6Q, STM32U535VCI6, STM32U535VCI6Q, STM32U535VCT6, STM32U535VCT6Q, STM32U535VEI6, STM32U535VEI6Q, STM32U535VET6, STM32U535VET6Q, STM32U545CET6, STM32U545CET6Q, STM32U545CEU6, STM32U545CEU6Q, STM32U545JEY6QTR, STM32U545NEY6QTR, STM32U545REI6, STM32U545REI6Q, STM32U545RET6, STM32U545RET6Q, STM32U545VEI6, STM32U545VEI6Q, STM32U545VET6, STM32U545VET6Q, STM32U595AIH6, STM32U595AIH6Q, STM32U595AJH6, STM32U595AJH6Q, STM32U595QII6, STM32U595QII6Q, STM32U595QJI6, STM32U595QJI6Q, STM32U595RIT6, STM32U595RIT6Q, STM32U595RJT6, STM32U595RJT6Q, STM32U595VIT6, STM32U595VIT6Q, STM32U595VJT6, STM32U595VJT6Q, STM32U595ZIT6, STM32U595ZIT6Q, STM32U595ZIY6QTR, STM32U595ZJT6, STM32U595ZJT6Q, STM32U595ZJY6QTR, STM32U599BJY6QTR, STM32U599NIH6Q, STM32U599NJH6Q, STM32U599VIT6Q, STM32U599VJT6, STM32U599VJT6Q, STM32U599ZIT6Q, STM32U599ZIY6QTR, STM32U599ZJT6Q, STM32U599ZJY6QTR, STM32U5A5AJH6, STM32U5A5AJH6Q, STM32U5A5QII3Q , STM32U5A5QJI6, STM32U5A5QJI6Q, STM32U5A5RJT6, STM32U5A5RJT6Q, STM32U5A5VJT6, STM32U5A5VJT6Q, STM32U5A5ZJT6, STM32U5A5ZJT6Q, STM32U5A5ZJY6QTR, STM32U5A9BJY6QTR, STM32U5A9J-DK, STM32U5A9NJH6Q, STM32U5A9VJT6Q, STM32U5A9ZJT6Q, STM32U5A9ZJY6QTR, STM32U5F7VIT6, STM32U5F7VIT6Q, STM32U5F7VJT6, STM32U5F7VJT6Q, STM32U5F9BJY6QTR, STM32U5F9NJH6Q, STM32U5F9VIT6Q, STM32U5F9VJT6Q, STM32U5F9ZIJ6QTR, STM32U5F9ZIT6Q, STM32U5F9ZJJ6QTR, STM32U5F9ZJT6Q, STM32U5G7VJT6, STM32U5G7VJT6Q, STM32U5G9BJY6QTR, STM32U5G9J-DK1, STM32U5G9J-DK2, STM32U5G9NJH6Q, STM32U5G9VJT6Q, STM32U5G9ZJJ6QTR, STM32U5G9ZJT6Q, STM32WB05KZV6TR, STM32WB05KZV7TR, STM32WB05TZF6TR, STM32WB05TZF7TR, STM32WB06CCF6TR, STM32WB06CCF7TR, STM32WB06CCV6TR, STM32WB06CCV7TR, STM32WB06KCV6TR, STM32WB06KCV7TR, STM32WB07CCF6TR, STM32WB07CCF7TR, STM32WB07CCV6TR, STM32WB07CCV7TR, STM32WB07KCV6TR, STM32WB07KCV7TR, STM32WB09KEV6TR, STM32WB09KEV7TR, STM32WB09TEF6TR, STM32WB09TEF7TR, STM32WB1MMCH6, STM32WBA50KGU6, STM32WBA50KGU6TR, STM32WBA52CEU6, STM32WBA52CEU6TR, STM32WBA52CEU7, STM32WBA52CEU7TR, STM32WBA52CGU6, STM32WBA52CGU6TR, STM32WBA52CGU6U, STM32WBA52CGU7, STM32WBA52CGU7TR, STM32WBA52KEU6, STM32WBA52KEU6TR, STM32WBA52KGU6, STM32WBA52KGU6TR, STM32WBA54CEU6, STM32WBA54CEU6TR, STM32WBA54CEU7, STM32WBA54CEU7TR, STM32WBA54CGU6, STM32WBA54CGU6TR, STM32WBA54CGU7, STM32WBA54CGU7TR, STM32WBA54KEU6, STM32WBA54KEU6TR, STM32WBA54KEU7, STM32WBA54KEU7TR, STM32WBA54KGU6, STM32WBA54KGU6TR, STM32WBA54KGU7, STM32WBA54KGU7TR, STM32WBA55CEU6, STM32WBA55CEU6TR, STM32WBA55CEU7, STM32WBA55CEU7TR, STM32WBA55CGU6, STM32WBA55CGU6TR, STM32WBA55CGU6U, STM32WBA55CGU7, STM32WBA55CGU7TR, STM32WBA55G-DK1, STM32WBA55HEF6, STM32WBA55HEF7, STM32WBA55HGF6, STM32WBA55HGF7, STM32WBA55UEI6, STM32WBA55UEI6TR, STM32WBA55UEI7, STM32WBA55UEI7TR, STM32WBA55UGI6, STM32WBA55UGI6TR, STM32WBA55UGI7, STM32WBA55UGI7TR, STM32WBA5MJGH6TR, STM32WBA5MJGH6U, STM32WL33C8V6, STM32WL33C8V6TR, STM32WL33C8V7, STM32WL33C8V7TR, STM32WL33CBV6, STM32WL33CBV6TR, STM32WL33CBV7, STM32WL33CBV7TR, STM32WL33CCV6, STM32WL33CCV6TR, STM32WL33CCV7, STM32WL33CCV7A, STM32WL33CCV7ATR, STM32WL33CCV7TR, STM32WL33K8V6, STM32WL33K8V6TR, STM32WL33K8V7, STM32WL33K8V7TR, STM32WL33KBV6, STM32WL33KBV6TR, STM32WL33KBV7, STM32WL33KBV7TR, STM32WL33KCV6, STM32WL33KCV6TR, STM32WL33KCV7, STM32WL33KCV7TR, STM32WL5MOCH6, STM32WL5MOCH6TR]
2025-05-11 23:47:43,157 [INFO] DbMcus:218 - Found 4674 MCUs, 4674 are supported
2025-05-11 23:47:43,158 [INFO] ApiDb:423 - Load user favorites file C:\Users\User/.stm32cubeide/favorites.mcus.txt: 0 item(s)
2025-05-11 23:47:43,159 [INFO] ApiDb:427 - User favorites MCUs=[]
2025-05-11 23:47:43,159 [INFO] DbMcus:224 - Set 0 / 0 favorites MCUs
2025-05-11 23:47:44,454 [INFO] ApiDb:668 - CubeFinder database Data Model version=2.1
2025-05-11 23:47:44,455 [INFO] ApiDb:669 - CubeFinder database Configuration version=3.0.39
2025-05-11 23:47:44,455 [INFO] ApiDb:670 - CubeFinder database generation date=2025-04-23 (1745419778)
2025-05-11 23:47:44,455 [INFO] ApiDb:671 - CubeFinder database FW Pack versions=[FP-ATR-ASTRA1_V2.0.0, FP-SNS-FLIGHT1_V5.1.0, FP-SNS-MOTENV1_V5.0.0, FP-SNS-MOTENVWB1_V1.4.0, FP-SNS-SMARTAG2_V1.2.0, FP-SNS-STBOX1_V2.0.0, STM32Cube_FW_C0_V1.4.0, STM32Cube_FW_F4_V1.28.1, STM32Cube_FW_F7_V1.17.2, STM32Cube_FW_G0_V1.6.2, STM32Cube_FW_G4_V1.6.1, STM32Cube_FW_H5_V1.5.0, STM32Cube_FW_H7RS_V1.2.0, STM32Cube_FW_H7_V1.12.1, STM32Cube_FW_L0_V1.12.2, STM32Cube_FW_L4_V1.18.1, STM32Cube_FW_L5_V1.5.1, STM32Cube_FW_N6_V1.1.1, STM32Cube_FW_U0_V1.2.0, STM32Cube_FW_U3_V1.1.0, STM32Cube_FW_U5_V1.7.0, STM32Cube_FW_WB0_V1.2.0, STM32Cube_FW_WBA_V1.6.0, STM32Cube_FW_WB_V1.22.0, STM32Cube_FW_WL3_V1.1.0, STM32Cube_FW_WL_V1.3.1, X-CUBE-ALGOBUILD_V1.4.0, X-CUBE-ALS_V1.0.2, X-CUBE-AZRTOS-F4_V1.1.0, X-CUBE-AZRTOS-F7_V1.1.0, X-CUBE-AZRTOS-G0_V1.1.0, X-CUBE-AZRTOS-G4_V2.0.0, X-CUBE-AZRTOS-H7RS_V1.1.0, X-CUBE-AZRTOS-H7_V3.3.0, X-CUBE-AZRTOS-L4_V2.0.0, X-CUBE-AZRTOS-L5_V2.0.0, X-CUBE-AZRTOS-WB_V2.0.0, X-CUBE-AZRTOS-WL_V2.0.0, X-CUBE-BLE1_V7.1.0, X-CUBE-BLE2_V3.3.0, X-CUBE-BLEMGR_V4.0.0, X-CUBE-EEPRMA1_V5.1.0, X-CUBE-FREERTOS_V1.3.0, X-CUBE-GNSS1_V6.0.0, X-CUBE-MEMS1_V11.2.0, X-CUBE-NFC4_V3.0.0, X-CUBE-NFC7_V1.0.1, X-CUBE-SFXS2LP1_V4.0.0, X-CUBE-SUBG2_V5.0.0, X-CUBE-TOF1_V3.4.3]
2025-05-11 23:47:44,654 [INFO] DbBoardsSqlite:226 - include board P-NUCLEO-WB55-NUCLEO as a kit item of type 'Nucleo-64'
2025-05-11 23:47:44,654 [INFO] DbBoardsSqlite:226 - include board P-NUCLEO-WB55-USBDONGLE as a kit item of type 'Nucleo USB Dongle'
2025-05-11 23:47:44,655 [INFO] DbBoardsSqlite:226 - include board STEVAL-IDP005V1 as a kit item of type 'Evaluation Board'
2025-05-11 23:47:44,656 [INFO] DbBoardsSqlite:226 - include board STEVAL-IDP005V2 as a kit item of type 'Evaluation Board'
2025-05-11 23:47:44,798 [INFO] ApiDb:240 - Found 858 in-development CPN: [B-G473E-ZEST1S, B-WB1M-WPAN1, B-WBA5M-WPAN, B-WL5M-SUBG1, NUCLEO-C031C6, NUCLEO-C051C8, NUCLEO-C071RB, NUCLEO-C092RC, NUCLEO-H503RB, NUCLEO-H533RE, NUCLEO-H563ZI, NUCLEO-H7S3L8, NUCLEO-N657X0-Q, NUCLEO-U031R8, NUCLEO-U083RC, NUCLEO-U385RG-Q, NUCLEO-U545RE-Q, NUCLEO-U5A5ZJ-Q, NUCLEO-WB05KZ, NUCLEO-WB07CC, NUCLEO-WB09KE, NUCLEO-WBA52CG, NUCLEO-WBA55CG, NUCLEO-WL33CC1, NUCLEO-WL33CC2, STEVAL-PROTEUS1, STEVAL-SMARTAG2, STEVAL-STWINBX1, STM320518-EVAL, STM32C0116-DK, STM32C011D6Y3TR, STM32C011D6Y6TR, STM32C011F4P3, STM32C011F4P6, STM32C011F4U3, STM32C011F4U6TR, STM32C011F6P3, STM32C011F6P6, STM32C011F6U3, STM32C011F6U6TR, STM32C011J4M3, STM32C011J4M6, STM32C011J6M3, STM32C011J6M6, STM32C0316-DK, STM32C031C4T3, STM32C031C4T6, STM32C031C4U3, STM32C031C4U6, STM32C031C6T3, STM32C031C6T6, STM32C031C6U3, STM32C031C6U6, STM32C031F4P3, STM32C031F4P6, STM32C031F6P3, STM32C031F6P6, STM32C031G4U3, STM32C031G4U6, STM32C031G6U3, STM32C031G6U6, STM32C031K4T3, STM32C031K4T6, STM32C031K4U3, STM32C031K4U6, STM32C031K6T3, STM32C031K6T6, STM32C031K6U3, STM32C031K6U6, STM32C051C6T6, STM32C051C6U6, STM32C051C8T6, STM32C051C8U6, STM32C051D8Y6TR, STM32C051F6P6, STM32C051F8P6, STM32C051G6U6, STM32C051G8U6, STM32C051K6T6, STM32C051K6U6, STM32C051K8T6, STM32C071C8T6, STM32C071C8T6N, STM32C071C8U6, STM32C071C8U6N, STM32C071CBT6, STM32C071CBT6N, STM32C071CBU6, STM32C071CBU6N, STM32C071F8P6, STM32C071F8P6N, STM32C071FBP6, STM32C071FBP6N, STM32C071FBY6TR, STM32C071G8U6, STM32C071G8U6N, STM32C071GBU6, STM32C071GBU6N, STM32C071K8T6, STM32C071K8T6N, STM32C071K8U6, STM32C071K8U6N, STM32C071KBT6, STM32C071KBT6N, STM32C071KBU6, STM32C071KBU6N, STM32C071R8T6, STM32C071R8T6N, STM32C071RBI6N, STM32C071RBT6, STM32C071RBT6N, STM32C091CBT6, STM32C091CBU6, STM32C091CCT6, STM32C091CCU6, STM32C091ECY6TR, STM32C091FBP6, STM32C091FCP6, STM32C091GBU6, STM32C091GCU6, STM32C091KBT6, STM32C091KBU6, STM32C091KCT6, STM32C091KCU6, STM32C091RBT6, STM32C091RCI6, STM32C091RCT6, STM32C092CBT6, STM32C092CBU6, STM32C092CCT6, STM32C092CCU6, STM32C092ECY6TR, STM32C092FBP6, STM32C092FCP6, STM32C092GBU6, STM32C092GCU6, STM32C092KBT6, STM32C092KBU6, STM32C092KCT6, STM32C092KCU6, STM32C092RBT6, STM32C092RCI6, STM32C092RCT6, STM32G071K8TXN, STM32G071K8UXN, STM32G081GBU6N, STM32G081KBT6N, STM32G081KBUXN, STM32G0B1CCT6N, STM32G0B1KCT6, STM32G0B1NEY6TR, STM32G0B1RCT6N, STM32G0C1CCT6, STM32G0C1CCT6N, STM32G0C1CCU6N, STM32G0C1CET6N, STM32G0C1CEU6N, STM32G0C1KCT6, STM32G0C1NEY6TR, STM32G0C1RCI6N, STM32G0C1RCT6N, STM32G0C1REI6N, STM32G0C1RET6N, STM32G0C1VCI6, STM32G0C1VEI6, STM32G411C6T3, STM32G411C6T6, STM32G411C6U3, STM32G411C6U6, STM32G411C8T3, STM32G411C8T6, STM32G411C8U3, STM32G411C8U6, STM32G411CBT3, STM32G411CBT6, STM32G411CBU3, STM32G411CBU6, STM32G411CCT3, STM32G411CCT6, STM32G411CCU3, STM32G411CCU6, STM32G411K6T3, STM32G411K6T6, STM32G411K6U3, STM32G411K6U6, STM32G411K8T3, STM32G411K8T6, STM32G411K8U3, STM32G411K8U6, STM32G411KBT3, STM32G411KBT6, STM32G411KBU3, STM32G411KBU6, STM32G411M6T3, STM32G411M6T6, STM32G411M8T3, STM32G411M8T6, STM32G411MBT3, STM32G411MBT6, STM32G411MCT3, STM32G411MCT6, STM32G411R6T3, STM32G411R6T6, STM32G411R8T3, STM32G411R8T6, STM32G411RBT3, STM32G411RBT6, STM32G411RCT3, STM32G411RCT6, STM32G414CBT3, STM32G414CBT6, STM32G414CBU3, STM32G414CBU6, STM32G414CCT3, STM32G414CCT6, STM32G414CCU3, STM32G414CCU6, STM32G414MBT3, STM32G414MBT6, STM32G414MCT3, STM32G414MCT6, STM32G414RBT3, STM32G414RBT6, STM32G414RCT3, STM32G414RCT6, STM32G414VBT3, STM32G414VBT6, STM32G414VCT3, STM32G414VCT6, STM32G431CBT3Z, STM32G431RBT3Z, STM32G471CCT6, STM32G471CCU6, STM32G471CET3, STM32G471CET6, STM32G471CEU3, STM32G471CEU6, STM32G471MCT6, STM32G471MET3, STM32G471MET6, STM32G471MEY6TR, STM32G471QCT6, STM32G471QET3, STM32G471RCT6, STM32G471RET3, STM32G471RET6, STM32G471VCH6, STM32G471VCI6, STM32G471VCT6, STM32G471VEH3, STM32G471VEH6, STM32G471VEI3, STM32G471VEI6, STM32G471VET3, STM32G471VET6, STM32G473QET3Z, STM32G473RET3Z, STM32G474CCT6, STM32G491RET3Z, STM32H503CBT6, STM32H503CBU6, STM32H503EBY6TR, STM32H503KBU6, STM32H503RBT6, STM32H523CCT6, STM32H523CCU6, STM32H523CET6, STM32H523CEU6, STM32H523HEY6TR, STM32H523RCT6, STM32H523RET6, STM32H523VCI6, STM32H523VCT6, STM32H523VEI6, STM32H523VET6, STM32H523ZCJ6, STM32H523ZCT6, STM32H523ZEJ6, STM32H523ZET6, STM32H533CET6, STM32H533CEU6, STM32H533HEY6TR, STM32H533RET6, STM32H533VEI6, STM32H533VET6, STM32H533ZEJ6, STM32H533ZET6, STM32H562AGI6, STM32H562AII6, STM32H562IGK6, STM32H562IGT6, STM32H562IIK6, STM32H562IIT6, STM32H562RGT6, STM32H562RGV6, STM32H562RIT6, STM32H562RIV6, STM32H562VGT6, STM32H562VIT6, STM32H562ZGT6, STM32H562ZIT6, STM32H563AGI6, STM32H563AII3Q, STM32H563AII6, STM32H563IGK6, STM32H563IGT6, STM32H563IIK3Q, STM32H563IIK6, STM32H563IIT3Q, STM32H563IIT6, STM32H563MIY3QTR, STM32H563RGT6, STM32H563RGV6, STM32H563RIT6, STM32H563RIV6, STM32H563VGT6, STM32H563VIT3Q, STM32H563VIT6, STM32H563ZGT6, STM32H563ZIT3Q, STM32H563ZIT6, STM32H573AII3Q, STM32H573AII6, STM32H573I-DK, STM32H573IIK3Q, STM32H573IIK6, STM32H573IIT3Q, STM32H573IIT6, STM32H573MIY3QTR, STM32H573RIT6, STM32H573RIV6, STM32H573VIT3Q, STM32H573VIT6, STM32H573ZIT3Q, STM32H573ZIT6, STM32H7R3A8I6, STM32H7R3I8K6, STM32H7R3I8T6, STM32H7R3L8H6, STM32H7R3L8H6H, STM32H7R3R8V6, STM32H7R3V8H6, STM32H7R3V8T6, STM32H7R3V8Y6TR, STM32H7R3Z8J6, STM32H7R3Z8T6, STM32H7R7A8I6, STM32H7R7I8K6, STM32H7R7I8T6, STM32H7R7L8H6, STM32H7R7L8H6H, STM32H7R7Z8J6, STM32H7S3A8I6, STM32H7S3I8K6, STM32H7S3I8T6, STM32H7S3L8H6, STM32H7S3L8H6H, STM32H7S3R8V6, STM32H7S3V8H6, STM32H7S3V8T6, STM32H7S3V8Y6TR, STM32H7S3Z8J6, STM32H7S3Z8T6, STM32H7S78-DK, STM32H7S7A8I6, STM32H7S7I8K6, STM32H7S7I8T6, STM32H7S7L8H6, STM32H7S7L8H6H, STM32H7S7Z8J6, STM32L4R5QGI6STR, STM32MP131AAE3, STM32MP131AAF3, STM32MP131AAG3, STM32MP131CAE3, STM32MP131CAF3, STM32MP131CAG3, STM32MP131DAE7, STM32MP131DAF7, STM32MP131DAG7, STM32MP131FAE7, STM32MP131FAF7, STM32MP131FAG7, STM32MP133AAE3, STM32MP133AAF3, STM32MP133AAG3, STM32MP133CAE3, STM32MP133CAF3, STM32MP133CAG3, STM32MP133DAE7, STM32MP133DAF7, STM32MP133DAG7, STM32MP133FAE7, STM32MP133FAF7, STM32MP133FAG7, STM32MP135AAE3, STM32MP135AAF3, STM32MP135AAG3, STM32MP135CAE3, STM32MP135CAF3, STM32MP135CAG3, STM32MP135DAE7, STM32MP135DAF7, STM32MP135DAG7, STM32MP135F-DK, STM32MP135FAE7, STM32MP135FAF7, STM32MP135FAF7T, STM32MP135FAF7U, STM32MP135FAG7, STM32MP231AAJ3, STM32MP231AAK3, STM32MP231AAL3, STM32MP231CAJ3, STM32MP231CAK3, STM32MP231CAL3, STM32MP231DAJ3, STM32MP231DAK3, STM32MP231DAL3, STM32MP231FAJ3, STM32MP231FAK3, STM32MP231FAL3, STM32MP233AAJ3, STM32MP233AAK3, STM32MP233AAL3, STM32MP233CAJ3, STM32MP233CAK3, STM32MP233CAL3, STM32MP233DAJ3, STM32MP233DAK3, STM32MP233DAL3, STM32MP233FAJ3, STM32MP233FAK3, STM32MP233FAL3, STM32MP235AAJ3, STM32MP235AAK3, STM32MP235AAL3, STM32MP235CAJ3, STM32MP235CAK3, STM32MP235CAL3, STM32MP235DAJ3, STM32MP235DAK3, STM32MP235DAL3, STM32MP235FAJ3, STM32MP235FAK3, STM32MP235FAL3, STM32MP251AAI3, STM32MP251AAJ3, STM32MP251AAK3, STM32MP251AAL3, STM32MP251CAI3, STM32MP251CAJ3, STM32MP251CAK3, STM32MP251CAL3, STM32MP251DAI3, STM32MP251DAJ3, STM32MP251DAK3, STM32MP251DAL3, STM32MP251FAI3, STM32MP251FAJ3, STM32MP251FAK3, STM32MP251FAL3, STM32MP253AAI3, STM32MP253AAJ3, STM32MP253AAK3, STM32MP253AAL3, STM32MP253CAI3, STM32MP253CAJ3, STM32MP253CAK3, STM32MP253CAL3, STM32MP253DAI3, STM32MP253DAJ3, STM32MP253DAK3, STM32MP253DAL3, STM32MP253FAI3, STM32MP253FAJ3, STM32MP253FAK3, STM32MP253FAL3, STM32MP255AAI3, STM32MP255AAJ3, STM32MP255AAK3, STM32MP255AAL3, STM32MP255CAI3, STM32MP255CAJ3, STM32MP255CAK3, STM32MP255CAL3, STM32MP255DAI3, STM32MP255DAJ3, STM32MP255DAK3, STM32MP255DAL3, STM32MP255FAI3, STM32MP255FAJ3, STM32MP255FAK3, STM32MP255FAL3, STM32MP257AAI3, STM32MP257AAJ3, STM32MP257AAK3, STM32MP257AAL3, STM32MP257CAI3, STM32MP257CAJ3, STM32MP257CAK3, STM32MP257CAL3, STM32MP257DAI3, STM32MP257DAJ3, STM32MP257DAK3, STM32MP257DAL3, STM32MP257F-DK, STM32MP257F-EV1, STM32MP257FAI3, STM32MP257FAJ3, STM32MP257FAK3, STM32MP257FAL3, STM32N645A0H3Q, STM32N645B0H3Q, STM32N645I0H3Q, STM32N645L0H3Q, STM32N645X0H3Q, STM32N645Z0H3Q, STM32N647A0H3Q, STM32N647B0H3Q, STM32N647I0H3Q, STM32N647L0H3Q, STM32N647X0H3Q, STM32N647Z0H3Q, STM32N655A0H3Q, STM32N655B0H3Q, STM32N655I0H3Q, STM32N655L0H3Q, STM32N655X0H3Q, STM32N655Z0H3Q, STM32N6570-DK, STM32N657A0H3Q, STM32N657B0H3Q, STM32N657I0H3Q, STM32N657L0H3Q, STM32N657X0H3Q, STM32N657Z0H3Q, STM32U031C6T6, STM32U031C6U6, STM32U031C8T6, STM32U031C8U6, STM32U031F4P6, STM32U031F6P6, STM32U031F8P6, STM32U031G6Y6TR, STM32U031G8Y6TR, STM32U031K4U6, STM32U031K6U6, STM32U031K8U6, STM32U031R6I6, STM32U031R6T6, STM32U031R8I6, STM32U031R8T6, STM32U073C8T6, STM32U073C8U6, STM32U073CBT6, STM32U073CBU6, STM32U073CCT6, STM32U073CCU6, STM32U073H8Y6TR, STM32U073HBY6TR, STM32U073HCY6TR, STM32U073K8U6, STM32U073KBU6, STM32U073KCU6, STM32U073M8I6, STM32U073M8T6, STM32U073MBI6, STM32U073MBT6, STM32U073MCI6, STM32U073MCT6, STM32U073R8I6, STM32U073R8T6, STM32U073RBI6, STM32U073RBT6, STM32U073RCI6, STM32U073RCT6, STM32U083C-DK, STM32U083CCT6, STM32U083CCU6, STM32U083HCY6TR, STM32U083KCU6, STM32U083MCI6, STM32U083MCT6, STM32U083RCI6, STM32U083RCT6, STM32U375CET6, STM32U375CET6Q, STM32U375CEU6, STM32U375CEU6Q, STM32U375CEY6QTR, STM32U375CGT6, STM32U375CGT6Q, STM32U375CGU6, STM32U375CGU6Q, STM32U375CGY6QTR, STM32U375KEU6, STM32U375KGU6, STM32U375REI6, STM32U375REI6Q, STM32U375RET6, STM32U375RET6Q, STM32U375REY6GTR, STM32U375REY6QTR, STM32U375RGI6, STM32U375RGI6Q, STM32U375RGT6, STM32U375RGT6Q, STM32U375RGY6GTR, STM32U375RGY6QTR, STM32U375VEI6, STM32U375VEI6Q, STM32U375VET6, STM32U375VET6Q, STM32U375VGI6, STM32U375VGI6Q, STM32U375VGT6, STM32U375VGT6Q, STM32U385CGT6, STM32U385CGT6Q, STM32U385CGU6, STM32U385CGU6Q, STM32U385CGY6QTR, STM32U385KGU6, STM32U385RGI6, STM32U385RGI6Q, STM32U385RGT6, STM32U385RGT6Q, STM32U385RGY6GTR, STM32U385RGY6QTR, STM32U385VGI6, STM32U385VGI6Q, STM32U385VGT6, STM32U385VGT6Q, STM32U535CBT6, STM32U535CBT6Q, STM32U535CBU6, STM32U535CBU6Q, STM32U535CCT6, STM32U535CCT6Q, STM32U535CCU6, STM32U535CCU6Q, STM32U535CET6, STM32U535CET6Q, STM32U535CEU6, STM32U535CEU6Q, STM32U535JEY6QTR, STM32U535NCY6QTR, STM32U535NEY6QTR, STM32U535RBI6, STM32U535RBI6Q, STM32U535RBT6, STM32U535RBT6Q, STM32U535RCI6, STM32U535RCI6Q, STM32U535RCT6, STM32U535RCT6Q, STM32U535REI6, STM32U535REI6Q, STM32U535RET6, STM32U535RET6Q, STM32U535VCI6, STM32U535VCI6Q, STM32U535VCT6, STM32U535VCT6Q, STM32U535VEI6, STM32U535VEI6Q, STM32U535VET6, STM32U535VET6Q, STM32U545CET6, STM32U545CET6Q, STM32U545CEU6, STM32U545CEU6Q, STM32U545JEY6QTR, STM32U545NEY6QTR, STM32U545REI6, STM32U545REI6Q, STM32U545RET6, STM32U545RET6Q, STM32U545VEI6, STM32U545VEI6Q, STM32U545VET6, STM32U545VET6Q, STM32U595AIH6, STM32U595AIH6Q, STM32U595AJH6, STM32U595AJH6Q, STM32U595QII6, STM32U595QII6Q, STM32U595QJI6, STM32U595QJI6Q, STM32U595RIT6, STM32U595RIT6Q, STM32U595RJT6, STM32U595RJT6Q, STM32U595VIT6, STM32U595VIT6Q, STM32U595VJT6, STM32U595VJT6Q, STM32U595ZIT6, STM32U595ZIT6Q, STM32U595ZIY6QTR, STM32U595ZJT6, STM32U595ZJT6Q, STM32U595ZJY6QTR, STM32U599BJY6QTR, STM32U599NIH6Q, STM32U599NJH6Q, STM32U599VIT6Q, STM32U599VJT6, STM32U599VJT6Q, STM32U599ZIT6Q, STM32U599ZIY6QTR, STM32U599ZJT6Q, STM32U599ZJY6QTR, STM32U5A5AJH6, STM32U5A5AJH6Q, STM32U5A5QII3Q , STM32U5A5QJI6, STM32U5A5QJI6Q, STM32U5A5RJT6, STM32U5A5RJT6Q, STM32U5A5VJT6, STM32U5A5VJT6Q, STM32U5A5ZJT6, STM32U5A5ZJT6Q, STM32U5A5ZJY6QTR, STM32U5A9BJY6QTR, STM32U5A9J-DK, STM32U5A9NJH6Q, STM32U5A9VJT6Q, STM32U5A9ZJT6Q, STM32U5A9ZJY6QTR, STM32U5F7VIT6, STM32U5F7VIT6Q, STM32U5F7VJT6, STM32U5F7VJT6Q, STM32U5F9BJY6QTR, STM32U5F9NJH6Q, STM32U5F9VIT6Q, STM32U5F9VJT6Q, STM32U5F9ZIJ6QTR, STM32U5F9ZIT6Q, STM32U5F9ZJJ6QTR, STM32U5F9ZJT6Q, STM32U5G7VJT6, STM32U5G7VJT6Q, STM32U5G9BJY6QTR, STM32U5G9J-DK1, STM32U5G9J-DK2, STM32U5G9NJH6Q, STM32U5G9VJT6Q, STM32U5G9ZJJ6QTR, STM32U5G9ZJT6Q, STM32WB05KZV6TR, STM32WB05KZV7TR, STM32WB05TZF6TR, STM32WB05TZF7TR, STM32WB06CCF6TR, STM32WB06CCF7TR, STM32WB06CCV6TR, STM32WB06CCV7TR, STM32WB06KCV6TR, STM32WB06KCV7TR, STM32WB07CCF6TR, STM32WB07CCF7TR, STM32WB07CCV6TR, STM32WB07CCV7TR, STM32WB07KCV6TR, STM32WB07KCV7TR, STM32WB09KEV6TR, STM32WB09KEV7TR, STM32WB09TEF6TR, STM32WB09TEF7TR, STM32WB1MMCH6, STM32WBA50KGU6, STM32WBA50KGU6TR, STM32WBA52CEU6, STM32WBA52CEU6TR, STM32WBA52CEU7, STM32WBA52CEU7TR, STM32WBA52CGU6, STM32WBA52CGU6TR, STM32WBA52CGU6U, STM32WBA52CGU7, STM32WBA52CGU7TR, STM32WBA52KEU6, STM32WBA52KEU6TR, STM32WBA52KGU6, STM32WBA52KGU6TR, STM32WBA54CEU6, STM32WBA54CEU6TR, STM32WBA54CEU7, STM32WBA54CEU7TR, STM32WBA54CGU6, STM32WBA54CGU6TR, STM32WBA54CGU7, STM32WBA54CGU7TR, STM32WBA54KEU6, STM32WBA54KEU6TR, STM32WBA54KEU7, STM32WBA54KEU7TR, STM32WBA54KGU6, STM32WBA54KGU6TR, STM32WBA54KGU7, STM32WBA54KGU7TR, STM32WBA55CEU6, STM32WBA55CEU6TR, STM32WBA55CEU7, STM32WBA55CEU7TR, STM32WBA55CGU6, STM32WBA55CGU6TR, STM32WBA55CGU6U, STM32WBA55CGU7, STM32WBA55CGU7TR, STM32WBA55G-DK1, STM32WBA55HEF6, STM32WBA55HEF7, STM32WBA55HGF6, STM32WBA55HGF7, STM32WBA55UEI6, STM32WBA55UEI6TR, STM32WBA55UEI7, STM32WBA55UEI7TR, STM32WBA55UGI6, STM32WBA55UGI6TR, STM32WBA55UGI7, STM32WBA55UGI7TR, STM32WBA5MJGH6TR, STM32WBA5MJGH6U, STM32WL33C8V6, STM32WL33C8V6TR, STM32WL33C8V7, STM32WL33C8V7TR, STM32WL33CBV6, STM32WL33CBV6TR, STM32WL33CBV7, STM32WL33CBV7TR, STM32WL33CCV6, STM32WL33CCV6TR, STM32WL33CCV7, STM32WL33CCV7A, STM32WL33CCV7ATR, STM32WL33CCV7TR, STM32WL33K8V6, STM32WL33K8V6TR, STM32WL33K8V7, STM32WL33K8V7TR, STM32WL33KBV6, STM32WL33KBV6TR, STM32WL33KBV7, STM32WL33KBV7TR, STM32WL33KCV6, STM32WL33KCV6TR, STM32WL33KCV7, STM32WL33KCV7TR, STM32WL5MOCH6, STM32WL5MOCH6TR]
2025-05-11 23:47:45,266 [INFO] BoardInfo:889 - No configuration file found for board NUCLEO-WBA65RI
2025-05-11 23:47:45,270 [INFO] DbBoards:161 - Board is not supported: NUCLEO-WBA65RI
2025-05-11 23:47:45,300 [INFO] BoardInfo:889 - No configuration file found for board P-NUCLEO-WB55
2025-05-11 23:47:45,303 [INFO] DbBoards:161 - Kit is not supported: P-NUCLEO-WB55
2025-05-11 23:47:45,319 [INFO] BoardInfo:889 - No configuration file found for board STEVAL-BFA001V1B
2025-05-11 23:47:45,322 [INFO] DbBoards:161 - Kit is not supported: STEVAL-BFA001V1B
2025-05-11 23:47:45,325 [INFO] BoardInfo:889 - No configuration file found for board STEVAL-BFA001V2B
2025-05-11 23:47:45,326 [INFO] DbBoards:161 - Kit is not supported: STEVAL-BFA001V2B
2025-05-11 23:47:45,864 [INFO] BoardInfo:889 - No configuration file found for board STM32WBA65I-DK1
2025-05-11 23:47:45,867 [INFO] DbBoards:161 - Board is not supported: STM32WBA65I-DK1
2025-05-11 23:47:45,867 [INFO] DbBoards:168 - Found 211 boards, 206 are supported
2025-05-11 23:47:45,867 [INFO] DbBoards:169 - Found 211 boards, 42 of them is supported for  Bsp
2025-05-11 23:47:45,870 [INFO] ApiDb:423 - Load user favorites file C:\Users\User/.stm32cubeide/favorites.boards.txt: 0 item(s)
2025-05-11 23:47:45,870 [INFO] ApiDb:427 - User favorites Boards=[]
2025-05-11 23:47:45,871 [INFO] DbBoards:198 - Set 0 / 0 favorites Boards
2025-05-11 23:47:45,873 [INFO] ApiDb:668 - CubeFinder database Data Model version=2.1
2025-05-11 23:47:45,873 [INFO] ApiDb:669 - CubeFinder database Configuration version=3.0.39
2025-05-11 23:47:45,874 [INFO] ApiDb:670 - CubeFinder database generation date=2025-04-23 (1745419778)
2025-05-11 23:47:45,874 [INFO] ApiDb:671 - CubeFinder database FW Pack versions=[FP-ATR-ASTRA1_V2.0.0, FP-SNS-FLIGHT1_V5.1.0, FP-SNS-MOTENV1_V5.0.0, FP-SNS-MOTENVWB1_V1.4.0, FP-SNS-SMARTAG2_V1.2.0, FP-SNS-STBOX1_V2.0.0, STM32Cube_FW_C0_V1.4.0, STM32Cube_FW_F4_V1.28.1, STM32Cube_FW_F7_V1.17.2, STM32Cube_FW_G0_V1.6.2, STM32Cube_FW_G4_V1.6.1, STM32Cube_FW_H5_V1.5.0, STM32Cube_FW_H7RS_V1.2.0, STM32Cube_FW_H7_V1.12.1, STM32Cube_FW_L0_V1.12.2, STM32Cube_FW_L4_V1.18.1, STM32Cube_FW_L5_V1.5.1, STM32Cube_FW_N6_V1.1.1, STM32Cube_FW_U0_V1.2.0, STM32Cube_FW_U3_V1.1.0, STM32Cube_FW_U5_V1.7.0, STM32Cube_FW_WB0_V1.2.0, STM32Cube_FW_WBA_V1.6.0, STM32Cube_FW_WB_V1.22.0, STM32Cube_FW_WL3_V1.1.0, STM32Cube_FW_WL_V1.3.1, X-CUBE-ALGOBUILD_V1.4.0, X-CUBE-ALS_V1.0.2, X-CUBE-AZRTOS-F4_V1.1.0, X-CUBE-AZRTOS-F7_V1.1.0, X-CUBE-AZRTOS-G0_V1.1.0, X-CUBE-AZRTOS-G4_V2.0.0, X-CUBE-AZRTOS-H7RS_V1.1.0, X-CUBE-AZRTOS-H7_V3.3.0, X-CUBE-AZRTOS-L4_V2.0.0, X-CUBE-AZRTOS-L5_V2.0.0, X-CUBE-AZRTOS-WB_V2.0.0, X-CUBE-AZRTOS-WL_V2.0.0, X-CUBE-BLE1_V7.1.0, X-CUBE-BLE2_V3.3.0, X-CUBE-BLEMGR_V4.0.0, X-CUBE-EEPRMA1_V5.1.0, X-CUBE-FREERTOS_V1.3.0, X-CUBE-GNSS1_V6.0.0, X-CUBE-MEMS1_V11.2.0, X-CUBE-NFC4_V3.0.0, X-CUBE-NFC7_V1.0.1, X-CUBE-SFXS2LP1_V4.0.0, X-CUBE-SUBG2_V5.0.0, X-CUBE-TOF1_V3.4.3]
2025-05-11 23:47:47,489 [ERROR] DbExamplesSqlite:437 - Missing JSON key: board_cpn
2025-05-11 23:47:47,490 [ERROR] DbExamplesSqlite:437 - Missing JSON key: board_cpn
2025-05-11 23:47:47,490 [ERROR] DbExamplesSqlite:437 - Missing JSON key: board_cpn
2025-05-11 23:47:47,491 [ERROR] DbExamplesSqlite:437 - Missing JSON key: board_cpn
2025-05-11 23:47:47,797 [ERROR] DbExamplesSqlite:437 - Missing JSON key: board_cpn
2025-05-11 23:47:47,797 [ERROR] DbExamplesSqlite:437 - Missing JSON key: board_cpn
2025-05-11 23:47:47,797 [ERROR] DbExamplesSqlite:437 - Missing JSON key: board_cpn
2025-05-11 23:47:47,798 [ERROR] DbExamplesSqlite:437 - Missing JSON key: board_cpn
2025-05-11 23:47:47,798 [ERROR] DbExamplesSqlite:437 - Missing JSON key: board_cpn
2025-05-11 23:47:47,799 [ERROR] DbExamplesSqlite:437 - Missing JSON key: board_cpn
2025-05-11 23:47:47,799 [ERROR] DbExamplesSqlite:437 - Missing JSON key: board_cpn
2025-05-11 23:47:47,800 [ERROR] DbExamplesSqlite:437 - Missing JSON key: board_cpn
2025-05-11 23:47:47,800 [ERROR] DbExamplesSqlite:437 - Missing JSON key: board_cpn
2025-05-11 23:47:48,175 [ERROR] DbExamplesSqlite:437 - Missing JSON key: board_cpn
2025-05-11 23:47:48,197 [INFO] DbExamplesSqlite:395 - Ignored 46 examples not supported by CubeIDE
2025-05-11 23:47:48,197 [INFO] DbExamplesSqlite:396 - Found 10821 examples active
2025-05-11 23:47:48,198 [INFO] DbExamplesSqlite:397 - Found 0 examples obsolete
2025-05-11 23:47:48,198 [INFO] DbExamplesSqlite:398 - Found 0 examples under development
2025-05-11 23:47:48,198 [INFO] DbExamplesSqlite:399 - Found 79 examples not building
2025-05-11 23:47:48,202 [INFO] DbExamples:125 - Found 10854 examples
2025-05-11 23:47:48,237 [ERROR] DbExamples:208 - Found 3 examples with invalid data (board or MCU)
2025-05-11 23:47:48,237 [INFO] DbExamples:222 - Found 134 boards with related examples
2025-05-11 23:47:48,240 [INFO] DbExamples:235 - Found 110 MCUs with related examples
2025-05-11 23:47:48,291 [INFO] ApiDb:423 - Load user favorites file C:\Users\User/.stm32cubeide/favorites.examples.txt: 0 item(s)
2025-05-11 23:47:48,291 [INFO] ApiDb:427 - User favorites Examples=[]
2025-05-11 23:47:48,291 [INFO] DbExamples:250 - Set 0 / 0 favorites Examples
2025-05-11 23:47:49,614 [INFO] McuFinderGlobals:76 - Set McuFinderConnectedMode to true
2025-05-11 23:47:49,633 [INFO] MultiScanPanel:200 - Auto-refresh data requested => check proxy status ongoing
2025-05-11 23:47:49,638 [INFO] FinderPluginLoader:95 - Searching for filters in installed packs
2025-05-11 23:47:52,877 [INFO] LoadUrlFilesThread:185 - End of LoadServerUrlFiles without Thread
2025-05-11 23:47:52,906 [INFO] DetailPanel:341 - Set advertising image to C:/Users/User/STM32Cube/Repository/\en.summit-h1-25-promotion.jpg
2025-05-11 23:48:02,347 [INFO] MultiScanPanel:200 - Auto-refresh data requested => check proxy status ongoing
2025-05-11 23:48:02,633 [INFO] LoadUrlFilesThread:185 - End of LoadServerUrlFiles without Thread
2025-05-11 23:48:02,633 [INFO] DetailPanel:341 - Set advertising image to C:/Users/User/STM32Cube/Repository/\en.summit-h1-25-promotion.jpg
2025-05-11 23:48:02,650 [INFO] DbBoards:642 - Loading board mini-images...
2025-05-11 23:48:02,866 [ERROR] DbBoards:659 - Image file not found for board B-WBA5M-WPAN: C:\Users\User\.stmcufinder\plugins\mcufinder//mcu//boards_images/B-WBA5M-WPAN.jpg
2025-05-11 23:48:07,215 [INFO] DbBoards:665 - Loaded 210 board mini-images
2025-05-11 23:48:41,897 [INFO] McuFinderGlobals:76 - Set McuFinderConnectedMode to true
2025-05-11 23:48:41,905 [INFO] ApiDb:448 - Save user favorites file C:\Users\User/.stm32cubeide/favorites.mcus.txt: 0 item(s)
2025-05-11 23:48:41,906 [INFO] ApiDb:452 - User favorites MCUs=[]
2025-05-11 23:48:41,908 [INFO] ApiDb:448 - Save user favorites file C:\Users\User/.stm32cubeide/favorites.boards.txt: 0 item(s)
2025-05-11 23:48:41,909 [INFO] ApiDb:452 - User favorites Boards=[]
2025-05-11 23:57:52,065 [ERROR] LogOutputStream:75 - [STDERR_REDIRECT] 
2025-05-11 23:57:52,067 [ERROR] LogOutputStream:75 - [STDERR_REDIRECT] 
2025-05-11 23:58:47,190 [INFO] Activator:176 - 


2025-05-11 23:58:47,194 [INFO] Activator:177 - !SESSION log4j initialized
2025-05-11 23:58:58,270 [INFO] LogOutputStream:77 - [STDOUT_REDIRECT] 
2025-05-11 23:59:04,677 [INFO] ApplicationProperties:184 - Using Application install path: C:\ST\STM32CubeIDE_1.17.0\STM32CubeIDE\plugins\com.st.stm32cube.common.mx_6.13.0.202411220809
2025-05-11 23:59:04,700 [INFO] DbMcusXml:78 - Set database path to: C:\ST\STM32CubeIDE_1.17.0\STM32CubeIDE\plugins\com.st.stm32cube.common.mx_6.13.0.202411220809\\db\/mcu/
2025-05-11 23:59:04,700 [INFO] ApiDb:274 - Set plugin database path to: C:\ST\STM32CubeIDE_1.17.0\STM32CubeIDE\plugins\com.st.stm32cube.common.mx_6.13.0.202411220809\\db\/plugins/boardmanager/
2025-05-11 23:59:04,701 [WARN] ApiDb:259 - Overriding images path with different value:  => C:\ST\STM32CubeIDE_1.17.0\STM32CubeIDE\plugins\com.st.stm32cube.common.mx_6.13.0.202411220809\\db\/plugins/mcufinder/images/
2025-05-11 23:59:04,710 [INFO] ApiDb:250 - Set database path to: C:\Users\User\.stmcufinder\plugins\mcufinder//mcu/
2025-05-11 23:59:04,712 [INFO] DbMcusAds:125 - Set database path to: C:\Users\User\.stmcufinder\plugins\mcufinder//mcu/
2025-05-11 23:59:04,719 [INFO] CrossReferenceDbSqlite:203 - Set database path to: C:\Users\User\.stmcufinder\plugins\mcufinder//mcu/cs/
2025-05-11 23:59:04,937 [INFO] RulesReader:64 - Compatibility file has been processed (297 Rules)
2025-05-11 23:59:05,078 [INFO] DbMcusXml:78 - Set database path to: C:\ST\STM32CubeIDE_1.17.0\STM32CubeIDE\plugins\com.st.stm32cube.common.mx_6.13.0.202411220809\\db\/mcu/
2025-05-11 23:59:05,079 [INFO] ApiDb:274 - Set plugin database path to: C:\ST\STM32CubeIDE_1.17.0\STM32CubeIDE\plugins\com.st.stm32cube.common.mx_6.13.0.202411220809\\db\/plugins/boardmanager/
2025-05-11 23:59:05,079 [INFO] ApiDb:261 - Set plugin images path to: C:\ST\STM32CubeIDE_1.17.0\STM32CubeIDE\plugins\com.st.stm32cube.common.mx_6.13.0.202411220809\\db\/plugins/mcufinder/images/
2025-05-11 23:59:05,079 [WARN] DbFile:41 - Overriding database path with different value: C:\Users\User\.stmcufinder\plugins\mcufinder/ => C:\Users\User\.stmcufinder\plugins\mcufinder
2025-05-11 23:59:05,080 [INFO] ApiDb:250 - Set database path to: C:\Users\User\.stmcufinder\plugins\mcufinder//mcu/
2025-05-11 23:59:05,080 [WARN] DbFile:41 - Overriding database path with different value: C:\Users\User\.stmcufinder\plugins\mcufinder/ => C:\Users\User\.stmcufinder\plugins\mcufinder
2025-05-11 23:59:05,080 [INFO] DbMcusAds:125 - Set database path to: C:\Users\User\.stmcufinder\plugins\mcufinder//mcu/
2025-05-11 23:59:05,080 [WARN] DbFile:41 - Overriding database path with different value: C:\Users\User\.stmcufinder\plugins\mcufinder/ => C:\Users\User\.stmcufinder\plugins\mcufinder
2025-05-11 23:59:05,080 [WARN] DbFile:41 - Overriding database path with different value: C:\Users\User\.stmcufinder\plugins\mcufinder/ => C:\Users\User\.stmcufinder\plugins\mcufinder
2025-05-11 23:59:05,081 [INFO] CrossReferenceDbSqlite:203 - Set database path to: C:\Users\User\.stmcufinder\plugins\mcufinder//mcu/cs/
2025-05-11 23:59:05,213 [INFO] MainPanel:272 - HeapMemory: 268435456
2025-05-11 23:59:05,384 [INFO] DbMcusXml:78 - Set database path to: C:\ST\STM32CubeIDE_1.17.0\STM32CubeIDE\plugins\com.st.stm32cube.common.mx_6.13.0.202411220809\\db\/mcu/
2025-05-11 23:59:05,384 [INFO] ApiDb:274 - Set plugin database path to: C:\ST\STM32CubeIDE_1.17.0\STM32CubeIDE\plugins\com.st.stm32cube.common.mx_6.13.0.202411220809\\db\/plugins/boardmanager/
2025-05-11 23:59:05,385 [INFO] ApiDb:261 - Set plugin images path to: C:\ST\STM32CubeIDE_1.17.0\STM32CubeIDE\plugins\com.st.stm32cube.common.mx_6.13.0.202411220809\\db\/plugins/mcufinder/images/
2025-05-11 23:59:05,390 [WARN] DbFile:41 - Overriding database path with different value: C:\Users\User\.stmcufinder\plugins\mcufinder/ => C:\Users\User\.stmcufinder\plugins\mcufinder
2025-05-11 23:59:05,390 [INFO] ApiDb:250 - Set database path to: C:\Users\User\.stmcufinder\plugins\mcufinder//mcu/
2025-05-11 23:59:05,390 [WARN] DbFile:41 - Overriding database path with different value: C:\Users\User\.stmcufinder\plugins\mcufinder/ => C:\Users\User\.stmcufinder\plugins\mcufinder
2025-05-11 23:59:05,390 [INFO] DbMcusAds:125 - Set database path to: C:\Users\User\.stmcufinder\plugins\mcufinder//mcu/
2025-05-11 23:59:05,391 [WARN] DbFile:41 - Overriding database path with different value: C:\Users\User\.stmcufinder\plugins\mcufinder/ => C:\Users\User\.stmcufinder\plugins\mcufinder
2025-05-11 23:59:05,391 [WARN] DbFile:41 - Overriding database path with different value: C:\Users\User\.stmcufinder\plugins\mcufinder/ => C:\Users\User\.stmcufinder\plugins\mcufinder
2025-05-11 23:59:05,391 [INFO] CrossReferenceDbSqlite:203 - Set database path to: C:\Users\User\.stmcufinder\plugins\mcufinder//mcu/cs/
2025-05-11 23:59:05,421 [INFO] ApplicationProperties:184 - Using Application install path: C:\ST\STM32CubeIDE_1.17.0\STM32CubeIDE\plugins\com.st.stm32cube.common.mx_6.13.0.202411220809
2025-05-11 23:59:05,423 [INFO] PluginManage:196 - Search for loadable plugins [exclusion list=, ]
2025-05-11 23:59:05,424 [INFO] PluginManage:310 - Check plugin analytics
2025-05-11 23:59:10,278 [INFO] AnalyticsPlugin:253 - Accepted Software Licenses: 
2025-05-11 23:59:10,279 [INFO] AnalyticsPlugin:255 - Accepted CMSIS Pack Licenses: 
2025-05-11 23:59:10,279 [INFO] AnalyticsPlugin:257 - Accepted Firmware Licenses: FW.F4.1.28.0
2025-05-11 23:59:10,284 [INFO] PluginManage:359 - Loaded plugin analytics (category:tool,tabindex:-1)
2025-05-11 23:59:10,285 [INFO] PluginManage:310 - Check plugin cadmodel
2025-05-11 23:59:10,298 [INFO] CADModel:105 - Init CAD model plugin
2025-05-11 23:59:10,298 [INFO] PluginManage:359 - Loaded plugin cadmodel (category:power,tabindex:5)
2025-05-11 23:59:10,298 [INFO] PluginManage:310 - Check plugin clock
2025-05-11 23:59:10,322 [INFO] PluginManage:359 - Loaded plugin clock (category:base,tabindex:2)
2025-05-11 23:59:10,323 [INFO] PluginManage:310 - Check plugin ddr
2025-05-11 23:59:10,326 [INFO] PluginManage:359 - Loaded plugin ddr (category:tool,tabindex:6)
2025-05-11 23:59:10,326 [INFO] PluginManage:310 - Check plugin filemanager
2025-05-11 23:59:10,565 [INFO] PluginManage:359 - Loaded plugin filemanager (category:base,tabindex:10)
2025-05-11 23:59:10,565 [INFO] PluginManage:310 - Check plugin ipmanager
2025-05-11 23:59:10,578 [INFO] PluginManage:359 - Loaded plugin ipmanager (category:base,tabindex:5)
2025-05-11 23:59:10,579 [INFO] PluginManage:310 - Check plugin lpbam
2025-05-11 23:59:10,601 [INFO] PluginManage:359 - Loaded plugin lpbam (category:base,tabindex:0)
2025-05-11 23:59:10,601 [INFO] PluginManage:310 - Check plugin memorymap
2025-05-11 23:59:10,622 [INFO] PluginManage:359 - Loaded plugin memorymap (category:base,tabindex:4)
2025-05-11 23:59:10,622 [INFO] PluginManage:310 - Check plugin pinoutandconfiguration
2025-05-11 23:59:10,639 [INFO] PluginManage:359 - Loaded plugin pinoutandconfiguration (category:base,tabindex:1)
2025-05-11 23:59:10,639 [INFO] PluginManage:310 - Check plugin pinoutconfig
2025-05-11 23:59:10,786 [WARN] SupportedApi:132 - Cannot load RTOS API schema: s4s-elt-must-match.1: The content of 'definitions' must match (annotation?, (simpleType | complexType)?, (unique | key | keyref)*)). A problem was found starting at: attribute.
2025-05-11 23:59:11,036 [INFO] PluginManage:359 - Loaded plugin pinoutconfig (category:base,tabindex:0)
2025-05-11 23:59:11,037 [INFO] PluginManage:310 - Check plugin power
2025-05-11 23:59:11,064 [INFO] PluginManage:359 - Loaded plugin power (category:power,tabindex:4)
2025-05-11 23:59:11,064 [INFO] PluginManage:310 - Check plugin projectmanager
2025-05-11 23:59:11,107 [INFO] PluginManage:359 - Loaded plugin projectmanager (category:projectmanager,tabindex:4)
2025-05-11 23:59:11,107 [INFO] PluginManage:310 - Check plugin rif
2025-05-11 23:59:11,130 [INFO] PluginManage:359 - Loaded plugin rif (category:base,tabindex:3)
2025-05-11 23:59:11,130 [INFO] PluginManage:310 - Check plugin thirdparty
2025-05-11 23:59:11,428 [INFO] PluginManage:359 - Loaded plugin thirdparty (category:base,tabindex:-1)
2025-05-11 23:59:11,428 [INFO] PluginManage:310 - Check plugin tools
2025-05-11 23:59:11,428 [WARN] IntegrityCheckThread:84 - waiting for thirdparty lock release [integrity check]
2025-05-11 23:59:11,430 [INFO] IntegrityCheckThread:86 - entering critical section [integrity check]
2025-05-11 23:59:11,431 [INFO] ThirdPartyUpdaterWithRetryManager:70 - Updater plugin not ready yet. [1/15]
2025-05-11 23:59:11,433 [INFO] PluginManage:359 - Loaded plugin tools (category:base,tabindex:7)
2025-05-11 23:59:11,433 [INFO] PluginManage:310 - Check plugin tutovideos
2025-05-11 23:59:11,709 [INFO] PluginManage:359 - Loaded plugin tutovideos (category:base,tabindex:-1)
2025-05-11 23:59:11,710 [INFO] PluginManage:310 - Check plugin updater
2025-05-11 23:59:11,745 [INFO] PluginManage:359 - Loaded plugin updater (category:base,tabindex:12)
2025-05-11 23:59:11,746 [INFO] PluginManage:310 - Check plugin userauth
2025-05-11 23:59:11,752 [INFO] UserAuth:118 - Init User Auth plugin
2025-05-11 23:59:11,753 [INFO] PluginManage:359 - Loaded plugin userauth (category:base,tabindex:14)
2025-05-11 23:59:11,754 [INFO] PluginManage:283 - PluginManage : Loaded plugins [18]
2025-05-11 23:59:12,117 [INFO] PinOutPanel:1589 - setPackage(No Configuration,No Configuration)
2025-05-11 23:59:12,287 [INFO] CADModel:165 - CPN selected for project level
2025-05-11 23:59:12,287 [INFO] CADModel:114 - Register for checkConnection events
2025-05-11 23:59:12,321 [INFO] IPUIPlugin:80 - create IPUIPlugin
2025-05-11 23:59:12,322 [INFO] PluginManager:220 - loadIPPluginJar : add adc
2025-05-11 23:59:12,326 [INFO] IPUIPlugin:80 - create IPUIPlugin
2025-05-11 23:59:12,326 [INFO] PluginManager:220 - loadIPPluginJar : add aes
2025-05-11 23:59:12,332 [INFO] IPUIPlugin:80 - create IPUIPlugin
2025-05-11 23:59:12,332 [INFO] PluginManager:220 - loadIPPluginJar : add can
2025-05-11 23:59:12,335 [INFO] IPUIPlugin:80 - create IPUIPlugin
2025-05-11 23:59:12,336 [INFO] PluginManager:220 - loadIPPluginJar : add comp
2025-05-11 23:59:12,339 [INFO] IPUIPlugin:80 - create IPUIPlugin
2025-05-11 23:59:12,340 [INFO] PluginManager:220 - loadIPPluginJar : add cryp
2025-05-11 23:59:12,345 [INFO] IPUIPlugin:80 - create IPUIPlugin
2025-05-11 23:59:12,346 [INFO] PluginManager:220 - loadIPPluginJar : add ddr_ctrl_phy
2025-05-11 23:59:12,351 [INFO] IPUIPlugin:80 - create IPUIPlugin
2025-05-11 23:59:12,352 [INFO] PluginManager:220 - loadIPPluginJar : add dfsdm
2025-05-11 23:59:12,361 [INFO] IPUIPlugin:80 - create IPUIPlugin
2025-05-11 23:59:12,361 [INFO] PluginManager:220 - loadIPPluginJar : add dma
2025-05-11 23:59:12,365 [INFO] IPUIPlugin:80 - create IPUIPlugin
2025-05-11 23:59:12,366 [INFO] PluginManager:220 - loadIPPluginJar : add dma3
2025-05-11 23:59:12,371 [INFO] IPUIPlugin:80 - create IPUIPlugin
2025-05-11 23:59:12,372 [INFO] PluginManager:220 - loadIPPluginJar : add extmemmanager
2025-05-11 23:59:12,374 [INFO] IPUIPlugin:80 - create IPUIPlugin
2025-05-11 23:59:12,375 [INFO] PluginManager:220 - loadIPPluginJar : add fatfs
2025-05-11 23:59:12,389 [INFO] IPUIPlugin:80 - create IPUIPlugin
2025-05-11 23:59:12,389 [INFO] PluginManager:220 - loadIPPluginJar : add fmc
2025-05-11 23:59:12,432 [INFO] IPUIPlugin:80 - create IPUIPlugin
2025-05-11 23:59:12,432 [INFO] PluginManager:220 - loadIPPluginJar : add freertos
2025-05-11 23:59:12,435 [INFO] IPUIPlugin:80 - create IPUIPlugin
2025-05-11 23:59:12,436 [INFO] PluginManager:220 - loadIPPluginJar : add genericplugin
2025-05-11 23:59:12,441 [INFO] IPUIPlugin:80 - create IPUIPlugin
2025-05-11 23:59:12,441 [INFO] PluginManager:220 - loadIPPluginJar : add gfxmmu
2025-05-11 23:59:12,452 [INFO] IPUIPlugin:80 - create IPUIPlugin
2025-05-11 23:59:12,452 [INFO] PluginManager:220 - loadIPPluginJar : add gic
2025-05-11 23:59:12,460 [INFO] IPUIPlugin:80 - create IPUIPlugin
2025-05-11 23:59:12,461 [INFO] PluginManager:220 - loadIPPluginJar : add gpio
2025-05-11 23:59:12,477 [INFO] IPUIPlugin:80 - create IPUIPlugin
2025-05-11 23:59:12,477 [INFO] PluginManager:220 - loadIPPluginJar : add gtzc
2025-05-11 23:59:12,484 [INFO] IPUIPlugin:80 - create IPUIPlugin
2025-05-11 23:59:12,484 [INFO] PluginManager:220 - loadIPPluginJar : add hash
2025-05-11 23:59:12,490 [INFO] IPUIPlugin:80 - create IPUIPlugin
2025-05-11 23:59:12,491 [INFO] PluginManager:220 - loadIPPluginJar : add i2c
2025-05-11 23:59:12,496 [INFO] IPUIPlugin:80 - create IPUIPlugin
2025-05-11 23:59:12,496 [INFO] PluginManager:220 - loadIPPluginJar : add i2s
2025-05-11 23:59:12,503 [INFO] IPUIPlugin:80 - create IPUIPlugin
2025-05-11 23:59:12,504 [INFO] PluginManager:220 - loadIPPluginJar : add i3c
2025-05-11 23:59:12,511 [INFO] IPUIPlugin:80 - create IPUIPlugin
2025-05-11 23:59:12,512 [INFO] PluginManager:220 - loadIPPluginJar : add ipddr
2025-05-11 23:59:12,525 [INFO] IPUIPlugin:80 - create IPUIPlugin
2025-05-11 23:59:12,527 [INFO] PluginManager:220 - loadIPPluginJar : add linkedlist
2025-05-11 23:59:12,535 [INFO] IPUIPlugin:80 - create IPUIPlugin
2025-05-11 23:59:12,535 [INFO] PluginManager:220 - loadIPPluginJar : add lorawan
2025-05-11 23:59:12,558 [INFO] IPUIPlugin:80 - create IPUIPlugin
2025-05-11 23:59:12,558 [INFO] PluginManager:220 - loadIPPluginJar : add ltdc
2025-05-11 23:59:12,569 [INFO] IPUIPlugin:80 - create IPUIPlugin
2025-05-11 23:59:12,571 [INFO] PluginManager:220 - loadIPPluginJar : add mdma
2025-05-11 23:59:12,576 [INFO] IPUIPlugin:80 - create IPUIPlugin
2025-05-11 23:59:12,576 [INFO] PluginManager:220 - loadIPPluginJar : add nvic
2025-05-11 23:59:12,587 [INFO] IPUIPlugin:80 - create IPUIPlugin
2025-05-11 23:59:12,587 [INFO] PluginManager:220 - loadIPPluginJar : add opamp
2025-05-11 23:59:12,593 [INFO] IPUIPlugin:80 - create IPUIPlugin
2025-05-11 23:59:12,594 [INFO] PluginManager:220 - loadIPPluginJar : add openamp
2025-05-11 23:59:12,601 [INFO] IPUIPlugin:80 - create IPUIPlugin
2025-05-11 23:59:12,601 [INFO] PluginManager:220 - loadIPPluginJar : add pdm2pcm
2025-05-11 23:59:12,613 [INFO] IPUIPlugin:80 - create IPUIPlugin
2025-05-11 23:59:12,622 [INFO] PluginManager:220 - loadIPPluginJar : add plateformsettings
2025-05-11 23:59:12,628 [INFO] IPUIPlugin:80 - create IPUIPlugin
2025-05-11 23:59:12,628 [INFO] PluginManager:220 - loadIPPluginJar : add quadspi
2025-05-11 23:59:12,633 [INFO] IPUIPlugin:80 - create IPUIPlugin
2025-05-11 23:59:12,634 [INFO] PluginManager:220 - loadIPPluginJar : add radio
2025-05-11 23:59:12,642 [INFO] IPUIPlugin:80 - create IPUIPlugin
2025-05-11 23:59:12,642 [INFO] PluginManager:220 - loadIPPluginJar : add resmgrutility
2025-05-11 23:59:12,653 [INFO] IPUIPlugin:80 - create IPUIPlugin
2025-05-11 23:59:12,654 [INFO] PluginManager:220 - loadIPPluginJar : add sai
2025-05-11 23:59:12,662 [INFO] IPUIPlugin:80 - create IPUIPlugin
2025-05-11 23:59:12,662 [INFO] PluginManager:220 - loadIPPluginJar : add spi
2025-05-11 23:59:12,674 [INFO] IPUIPlugin:80 - create IPUIPlugin
2025-05-11 23:59:12,675 [INFO] PluginManager:220 - loadIPPluginJar : add stm32_wpan
2025-05-11 23:59:12,682 [INFO] IPUIPlugin:80 - create IPUIPlugin
2025-05-11 23:59:12,682 [INFO] PluginManager:220 - loadIPPluginJar : add tim
2025-05-11 23:59:12,687 [INFO] IPUIPlugin:80 - create IPUIPlugin
2025-05-11 23:59:12,688 [INFO] PluginManager:220 - loadIPPluginJar : add touchsensing
2025-05-11 23:59:12,699 [INFO] IPUIPlugin:80 - create IPUIPlugin
2025-05-11 23:59:12,699 [INFO] PluginManager:220 - loadIPPluginJar : add tracer_emb
2025-05-11 23:59:12,723 [INFO] IPUIPlugin:80 - create IPUIPlugin
2025-05-11 23:59:12,723 [INFO] PluginManager:220 - loadIPPluginJar : add ts
2025-05-11 23:59:12,726 [INFO] IPUIPlugin:80 - create IPUIPlugin
2025-05-11 23:59:12,726 [INFO] PluginManager:220 - loadIPPluginJar : add tsc
2025-05-11 23:59:12,730 [INFO] IPUIPlugin:80 - create IPUIPlugin
2025-05-11 23:59:12,730 [INFO] PluginManager:220 - loadIPPluginJar : add ucpd
2025-05-11 23:59:12,737 [INFO] IPUIPlugin:80 - create IPUIPlugin
2025-05-11 23:59:12,737 [INFO] PluginManager:220 - loadIPPluginJar : add usart
2025-05-11 23:59:12,751 [INFO] IPUIPlugin:80 - create IPUIPlugin
2025-05-11 23:59:12,751 [INFO] PluginManager:220 - loadIPPluginJar : add usbx
2025-05-11 23:59:13,019 [FATAL] Updater:351 - Updater called before beeing initialized
2025-05-11 23:59:13,096 [INFO] RulesReader:64 - Compatibility file has been processed (297 Rules)
2025-05-11 23:59:13,117 [INFO] RulesReader:64 - Compatibility file has been processed (297 Rules)
2025-05-11 23:59:13,141 [INFO] CADModel:165 - CPN selected for project level
2025-05-11 23:59:13,142 [INFO] CADModel:114 - Register for checkConnection events
2025-05-11 23:59:13,143 [FATAL] Updater:351 - Updater called before beeing initialized
2025-05-11 23:59:13,144 [ERROR] CADModel:125 - Updater not yet initialized, retry later 
2025-05-11 23:59:13,435 [FATAL] Updater:351 - Updater called before beeing initialized
2025-05-11 23:59:13,438 [INFO] CADModel:165 - CPN selected for project level
2025-05-11 23:59:13,438 [INFO] CADModel:114 - Register for checkConnection events
2025-05-11 23:59:13,438 [FATAL] Updater:351 - Updater called before beeing initialized
2025-05-11 23:59:13,438 [ERROR] CADModel:125 - Updater not yet initialized, retry later 
2025-05-11 23:59:13,443 [FATAL] Updater:351 - Updater called before beeing initialized
2025-05-11 23:59:13,841 [FATAL] Updater:351 - Updater called before beeing initialized
2025-05-11 23:59:13,847 [INFO] DbMcusAds:53 - JSON generation date=Wed May 07 11:07:55 CEST 2025 (1746608875513)
2025-05-11 23:59:13,848 [FATAL] Updater:351 - Updater called before beeing initialized
2025-05-11 23:59:13,916 [WARN] DetailPanel:346 - Failed to get advertising image, set to default
2025-05-11 23:59:14,297 [FATAL] Updater:351 - Updater called before beeing initialized
2025-05-11 23:59:14,300 [FATAL] Updater:351 - Updater called before beeing initialized
2025-05-11 23:59:14,300 [FATAL] Updater:351 - Updater called before beeing initialized
2025-05-11 23:59:14,300 [WARN] DetailPanel:346 - Failed to get advertising image, set to default
2025-05-11 23:59:14,302 [FATAL] Updater:351 - Updater called before beeing initialized
2025-05-11 23:59:14,392 [ERROR] Updater:1198 - MainUpdater not yet initialized. External WinMGr cannot be set.
2025-05-11 23:59:14,400 [INFO] Updater:1134 - Updater Version found : 6.13.0
2025-05-11 23:59:14,426 [INFO] ApplicationProperties:184 - Using Application install path: C:\ST\STM32CubeIDE_1.17.0\STM32CubeIDE\plugins\com.st.stm32cube.common.mx_6.13.0.202411220809
2025-05-11 23:59:14,432 [INFO] ThirdPartyUpdaterWithRetryManager:70 - Updater plugin not ready yet. [2/15]
2025-05-11 23:59:16,007 [ERROR] LogOutputStream:75 - [STDERR_REDIRECT] May 11, 2025 11:59:16 PM java.util.prefs.WindowsPreferences <init>
2025-05-11 23:59:16,009 [ERROR] LogOutputStream:75 - [STDERR_REDIRECT] WARNING: Could not open/create prefs root node Software\JavaSoft\Prefs at root 0xffffffff80000002. Windows RegCreateKeyEx(...) returned error code 5.
2025-05-11 23:59:16,010 [ERROR] LogOutputStream:75 - [STDERR_REDIRECT] 
2025-05-11 23:59:16,591 [INFO] MainUpdater:2872 - connection check result : 10
2025-05-11 23:59:16,592 [INFO] MainUpdater:289 - Updater Check For Update Now.
2025-05-11 23:59:16,592 [INFO] MicroXplorer:498 - Change Database Version : DB.6.0.130
2025-05-11 23:59:16,616 [INFO] McuFinderGlobals:63 - Set McuFinder mode to 2 (CubeIDE integrated)
2025-05-11 23:59:16,617 [INFO] UserAuth:486 - Internet connection configuration mode: 1
2025-05-11 23:59:16,751 [INFO] JxBrowserEngine:152 - Initiate JxBrowser Engine with user profile folder
2025-05-11 23:59:17,170 [INFO] CheckServerUpdateThread:120 - End of CheckServer Thread
2025-05-11 23:59:18,495 [WARN] PackLoader:240 - Cannot read IP mode file for STMicroelectronics.FP-SNS-MOTENVWB1.1.4.0
2025-05-11 23:59:18,582 [WARN] PackLoader:240 - Cannot read IP mode file for STMicroelectronics.FP-ATR-ASTRA1.2.0.2
2025-05-11 23:59:18,608 [WARN] PackLoader:240 - Cannot read IP mode file for STMicroelectronics.FP-ATR-ASTRA1.2.0.1
2025-05-11 23:59:18,654 [WARN] PackLoader:240 - Cannot read IP mode file for STMicroelectronics.X-CUBE-SMBUS.2.1.0
2025-05-11 23:59:18,684 [INFO] WebApp:168 - Instantiating new browser for Auth
2025-05-11 23:59:18,687 [WARN] PackLoader:240 - Cannot read IP mode file for STMicroelectronics.X-CUBE-WB05N.1.1.0
2025-05-11 23:59:19,035 [WARN] PackLoader:240 - Cannot read IP mode file for STMicroelectronics.X-CUBE-AZRTOS-F7.1.1.0
2025-05-11 23:59:19,096 [WARN] PackLoader:240 - Cannot read IP mode file for STMicroelectronics.FP-SNS-FLIGHT1.5.0.2
2025-05-11 23:59:19,383 [WARN] PackLoader:240 - Cannot read IP mode file for Infineon.AIROC-Wi-Fi-Bluetooth-STM32.1.7.0
2025-05-11 23:59:19,482 [WARN] PackLoader:240 - Cannot read IP mode file for STMicroelectronics.X-CUBE-DISPLAY.3.0.0
2025-05-11 23:59:19,561 [WARN] PackLoader:240 - Cannot read IP mode file for STMicroelectronics.X-CUBE-BLE1.7.0.0
2025-05-11 23:59:19,599 [WARN] PackLoader:240 - Cannot read IP mode file for STMicroelectronics.X-CUBE-NFC10.1.0.0
2025-05-11 23:59:19,661 [WARN] PackLoader:240 - Cannot read IP mode file for STMicroelectronics.X-CUBE-BLEMGR.4.0.0
2025-05-11 23:59:19,798 [WARN] PackLoader:240 - Cannot read IP mode file for emotas.I-CUBE-CANOPEN.1.3.0
2025-05-11 23:59:19,824 [WARN] PackLoader:240 - Cannot read IP mode file for STMicroelectronics.X-CUBE-AI.10.0.0
2025-05-11 23:59:19,870 [WARN] PackLoader:240 - Cannot read IP mode file for STMicroelectronics.FP-SNS-SMARTAG2.1.2.0
2025-05-11 23:59:19,902 [WARN] PackLoader:240 - Cannot read IP mode file for STMicroelectronics.FP-SNS-FLIGHT1.5.1.0
2025-05-11 23:59:20,353 [WARN] PackLoader:240 - Cannot read IP mode file for STMicroelectronics.X-CUBE-MEMS1.11.1.0
2025-05-11 23:59:21,155 [INFO] LogOutputStream:77 - [STDOUT_REDIRECT] 1 : Invalid condition id : UX_CORESTACK_Condition cause : null
2025-05-11 23:59:21,156 [INFO] LogOutputStream:77 - [STDOUT_REDIRECT] 1 : Invalid condition id : UX_CORESTACK_Condition cause : null
2025-05-11 23:59:21,158 [INFO] LogOutputStream:77 - [STDOUT_REDIRECT] 1 : Invalid condition id : UX_CORESTACK_Condition cause : null
2025-05-11 23:59:21,162 [INFO] LogOutputStream:77 - [STDOUT_REDIRECT] 1 : Invalid condition id : UX_CORESTACK_Condition cause : null
2025-05-11 23:59:21,165 [INFO] LogOutputStream:77 - [STDOUT_REDIRECT] 1 : Invalid condition id : UX_CORESTACK_Condition cause : null
2025-05-11 23:59:21,171 [WARN] PackLoader:240 - Cannot read IP mode file for STMicroelectronics.X-CUBE-AZRTOS-WL.2.0.0
2025-05-11 23:59:21,200 [WARN] PackLoader:240 - Cannot read IP mode file for STMicroelectronics.FP-SNS-MOTENV1.5.0.0
2025-05-11 23:59:21,239 [WARN] PackLoader:240 - Cannot read IP mode file for wolfSSL.I-CUBE-wolfMQTT.1.19.0
2025-05-11 23:59:21,291 [WARN] PackLoader:240 - Cannot read IP mode file for WES.I-CUBE-Cesium.1.3.0
2025-05-11 23:59:21,551 [WARN] PackLoader:240 - Cannot read IP mode file for STMicroelectronics.X-CUBE-BLE2.3.3.0
2025-05-11 23:59:21,582 [WARN] PackLoader:240 - Cannot read IP mode file for STMicroelectronics.X-CUBE-NFC9.1.0.0
2025-05-11 23:59:21,613 [WARN] PackLoader:240 - Cannot read IP mode file for STMicroelectronics.X-CUBE-BLE1.7.1.0
2025-05-11 23:59:22,453 [WARN] PackLoader:240 - Cannot read IP mode file for STMicroelectronics.X-CUBE-MEMS1.11.2.0
2025-05-11 23:59:22,765 [INFO] WebApp:449 - Apply proxy settings
2025-05-11 23:59:22,766 [INFO] WebApp:534 - Chromium requires no authentication
2025-05-11 23:59:22,787 [INFO] WebApp:477 - Direct internet connection detected
2025-05-11 23:59:22,922 [INFO] WebApp:880 - Register for checkConnection events
2025-05-11 23:59:22,923 [INFO] WebApp:449 - Apply proxy settings
2025-05-11 23:59:22,923 [INFO] WebApp:534 - Chromium requires no authentication
2025-05-11 23:59:22,926 [INFO] WebApp:477 - Direct internet connection detected
2025-05-11 23:59:23,413 [WARN] PackLoader:240 - Cannot read IP mode file for STMicroelectronics.X-CUBE-AZRTOS-G0.1.1.0
2025-05-11 23:59:23,486 [WARN] PackLoader:240 - Cannot read IP mode file for STMicroelectronics.X-CUBE-SAFEA1.1.2.2
2025-05-11 23:59:23,497 [INFO] WebApp:187 - Connection restablished
2025-05-11 23:59:23,546 [WARN] PackLoader:240 - Cannot read IP mode file for STMicroelectronics.X-CUBE-NFC4.3.0.0
2025-05-11 23:59:23,590 [WARN] PackLoader:240 - Cannot read IP mode file for EmbeddedOffice.I-CUBE-FS-RTOS.1.0.1
2025-05-11 23:59:23,649 [WARN] PackLoader:240 - Cannot read IP mode file for STMicroelectronics.X-CUBE-WB05N.2.0.0
2025-05-11 23:59:24,073 [WARN] PackLoader:240 - Cannot read IP mode file for STMicroelectronics.X-CUBE-TCPP.4.2.0
2025-05-11 23:59:24,108 [WARN] PackLoader:240 - Cannot read IP mode file for RealThread.X-CUBE-RT-Thread_Nano.4.1.1
2025-05-11 23:59:24,133 [WARN] PackLoader:240 - Cannot read IP mode file for STMicroelectronics.FP-ATR-SIGFOX1.3.2.0
2025-05-11 23:59:24,143 [WARN] ConditionMgr:438 - getConditionDescription Invalid condition id : Cortex-A Device cause : null
2025-05-11 23:59:24,545 [WARN] ConditionMgr:1044 - genDependencies : Invalid condition id : Cortex-A Device cause : null
2025-05-11 23:59:24,546 [WARN] ConditionMgr:1044 - genDependencies : Invalid condition id : Cortex-A Device cause : null
2025-05-11 23:59:24,546 [WARN] ConditionMgr:1044 - genDependencies : Invalid condition id : Cortex-A Device cause : null
2025-05-11 23:59:24,578 [WARN] PackLoader:240 - Cannot read IP mode file for STMicroelectronics.X-CUBE-EEPRMA1.5.1.0
2025-05-11 23:59:24,819 [INFO] WebApp:221 - Starting web application
2025-05-11 23:59:24,820 [INFO] WebApp:579 - Web application path used C:\ST\STM32CubeIDE_1.17.0\STM32CubeIDE\plugins\com.st.stm32cube.common.mx_6.13.0.202411220809\db\plugins\mcufinder\reactClient1\index.html
2025-05-11 23:59:24,830 [WARN] PackLoader:240 - Cannot read IP mode file for wolfSSL.I-CUBE-wolfSSL.5.7.4
2025-05-11 23:59:25,128 [WARN] PackLoader:240 - Cannot read IP mode file for ITTIA_DB.I-CUBE-ITTIADB.8.9.0
2025-05-11 23:59:25,517 [WARN] PackLoader:240 - Cannot read IP mode file for SEGGER.I-CUBE-embOS.1.3.1
2025-05-11 23:59:25,587 [WARN] PackLoader:240 - Cannot read IP mode file for STMicroelectronics.X-CUBE-ALGOBUILD.1.4.0
2025-05-11 23:59:25,610 [WARN] PackLoader:240 - Cannot read IP mode file for STMicroelectronics.X-CUBE-AI.9.1.0
2025-05-11 23:59:25,656 [WARN] PackLoader:240 - Cannot read IP mode file for STMicroelectronics.X-CUBE-AZRTOS-F4.1.1.0
2025-05-11 23:59:25,668 [WARN] PackLoader:240 - Cannot read IP mode file for Avnet-IotConnect.X-CUBE-IoTC-DA16k-PMOD.1.0.0
2025-05-11 23:59:25,712 [WARN] PackLoader:240 - Cannot read IP mode file for STMicroelectronics.X-CUBE-ISPU.2.1.0
2025-05-11 23:59:25,771 [WARN] PackLoader:240 - Cannot read IP mode file for STMicroelectronics.X-CUBE-AZRTOS-L5.2.0.0
2025-05-11 23:59:25,819 [WARN] PackLoader:240 - Cannot read IP mode file for STMicroelectronics.X-CUBE-NFC6.3.1.0
2025-05-11 23:59:25,860 [WARN] PackLoader:240 - Cannot read IP mode file for STMicroelectronics.X-CUBE-DPower.1.2.0
2025-05-11 23:59:25,871 [WARN] PackLoader:240 - Cannot read IP mode file for STMicroelectronics.X-CUBE-FREERTOS.1.3.1
2025-05-11 23:59:25,896 [WARN] PackLoader:240 - Cannot read IP mode file for STMicroelectronics.X-CUBE-FREERTOS.1.3.0
2025-05-11 23:59:25,920 [WARN] PackLoader:240 - Cannot read IP mode file for STMicroelectronics.X-CUBE-NFC7.1.0.1
2025-05-11 23:59:25,942 [WARN] PackLoader:240 - Cannot read IP mode file for STMicroelectronics.X-CUBE-DPower.1.3.0
2025-05-11 23:59:26,019 [WARN] ConditionMgr:438 - getConditionDescription Invalid condition id : LAN8742 Phy interface Condition cause : null
2025-05-11 23:59:26,020 [WARN] PackLoader:240 - Cannot read IP mode file for STMicroelectronics.X-CUBE-AZRTOS-L4.2.0.0
2025-05-11 23:59:26,021 [WARN] ConditionMgr:1044 - genDependencies : Invalid condition id : LAN8742 Phy interface Condition cause : null
2025-05-11 23:59:26,022 [WARN] ConditionMgr:1044 - genDependencies : Invalid condition id : LAN8742 Phy interface Condition cause : null
2025-05-11 23:59:26,022 [WARN] ConditionMgr:1044 - genDependencies : Invalid condition id : LAN8742 Phy interface Condition cause : null
2025-05-11 23:59:26,061 [WARN] PackLoader:240 - Cannot read IP mode file for STMicroelectronics.X-CUBE-SFXS2LP1.4.0.0
2025-05-11 23:59:26,120 [WARN] PackLoader:240 - Cannot read IP mode file for STMicroelectronics.X-CUBE-AZRTOS-H7.3.3.0
2025-05-11 23:59:26,167 [WARN] ConditionMgr:438 - getConditionDescription Invalid condition id : UX DEVICE CLASS RTOS Condition cause : null
2025-05-11 23:59:26,167 [WARN] ConditionMgr:438 - getConditionDescription Invalid condition id : UX DEVICE CLASS RTOS Condition cause : null
2025-05-11 23:59:26,169 [WARN] PackLoader:240 - Cannot read IP mode file for STMicroelectronics.X-CUBE-AZRTOS-WB.2.0.0
2025-05-11 23:59:26,170 [WARN] ConditionMgr:1044 - genDependencies : Invalid condition id : UX DEVICE CLASS RTOS Condition cause : null
2025-05-11 23:59:26,170 [WARN] ConditionMgr:1044 - genDependencies : Invalid condition id : UX DEVICE CLASS RTOS Condition cause : null
2025-05-11 23:59:26,171 [WARN] ConditionMgr:1044 - genDependencies : Invalid condition id : UX DEVICE CLASS RTOS Condition cause : null
2025-05-11 23:59:26,171 [WARN] ConditionMgr:1044 - genDependencies : Invalid condition id : UX DEVICE CLASS RTOS Condition cause : null
2025-05-11 23:59:26,171 [WARN] ConditionMgr:1044 - genDependencies : Invalid condition id : UX DEVICE CLASS RTOS Condition cause : null
2025-05-11 23:59:26,196 [WARN] PackLoader:240 - Cannot read IP mode file for STMicroelectronics.X-CUBE-GNSS1.7.0.1
2025-05-11 23:59:26,220 [WARN] PackLoader:240 - Cannot read IP mode file for STMicroelectronics.X-CUBE-TOUCHGFX.4.25.0
2025-05-11 23:59:26,248 [WARN] PackLoader:240 - Cannot read IP mode file for STMicroelectronics.FP-SNS-STBOX1.2.0.0
2025-05-11 23:59:26,288 [WARN] PackLoader:240 - Cannot read IP mode file for STMicroelectronics.X-CUBE-SUBG2.5.0.0
2025-05-11 23:59:26,346 [WARN] PackLoader:240 - Cannot read IP mode file for STMicroelectronics.X-CUBE-AZRTOS-H7RS.1.1.0
2025-05-11 23:59:26,359 [WARN] PackLoader:240 - Cannot read IP mode file for Cesanta.I-CUBE-Mongoose.7.13.0
2025-05-11 23:59:26,421 [WARN] PackLoader:240 - Cannot read IP mode file for STMicroelectronics.X-CUBE-AZRTOS-G4.2.0.0
2025-05-11 23:59:26,447 [WARN] PackLoader:240 - Cannot read IP mode file for STMicroelectronics.X-CUBE-NFC7.2.0.0
2025-05-11 23:59:26,483 [WARN] PackLoader:240 - Cannot read IP mode file for STMicroelectronics.X-CUBE-IPS.3.1.0
2025-05-11 23:59:26,529 [WARN] PackLoader:240 - Cannot read IP mode file for STMicroelectronics.X-CUBE-ALS.1.0.2
2025-05-11 23:59:26,551 [WARN] PackLoader:240 - Cannot read IP mode file for STMicroelectronics.X-CUBE-TOUCHGFX.4.24.2
2025-05-11 23:59:26,560 [WARN] PackLoader:240 - Cannot read IP mode file for wolfSSL.I-CUBE-wolfTPM.3.4.0
2025-05-11 23:59:26,585 [WARN] PackLoader:240 - Cannot read IP mode file for portGmbH.I-Cube-SoM-uGOAL.1.1.0
2025-05-11 23:59:26,636 [WARN] PackLoader:240 - Cannot read IP mode file for STMicroelectronics.X-CUBE-AZRTOS-H7RS.1.0.0
2025-05-11 23:59:26,675 [WARN] PackLoader:240 - Cannot read IP mode file for STMicroelectronics.X-CUBE-TOF1.3.4.2
2025-05-11 23:59:26,720 [WARN] PackLoader:240 - Cannot read IP mode file for STMicroelectronics.X-CUBE-TOF1.3.4.3
2025-05-11 23:59:26,796 [WARN] PackLoader:240 - Cannot read IP mode file for wolfSSL.I-CUBE-wolfSSH.1.4.17
2025-05-11 23:59:26,796 [INFO] ThirdParty:978 - Integrity check success = true
2025-05-11 23:59:26,796 [INFO] IntegrityCheckThread:100 - exiting critical section [integrity check]
2025-05-11 23:59:26,797 [INFO] IntegrityCheckThread:103 - End integrity checks thread
2025-05-11 23:59:26,921 [INFO] UserAuth:486 - Internet connection configuration mode: 1
